The target system is: Android - 1 - armv7-a
The host system is: Linux - 5.14.0-kali4-amd64 - x86_64
Detecting C compiler ABI info compiled with the following output:
Change Dir: /home/kali/MSDrohne/.buildozer/android/platform/build-armeabi-v7a/build/other_builds/jpeg/armeabi-v7a__ndk_target_21/jpeg/CMakeFiles/CMakeTmp

Run Build Command(s):/usr/bin/gmake -f Makefile cmTC_762bc/fast && make -j2  -f CMakeFiles/cmTC_762bc.dir/build.make CMakeFiles/cmTC_762bc.dir/build
make[1]: Entering directory '/home/kali/MSDrohne/.buildozer/android/platform/build-armeabi-v7a/build/other_builds/jpeg/armeabi-v7a__ndk_target_21/jpeg/CMakeFiles/CMakeTmp'
Building C object CMakeFiles/cmTC_762bc.dir/CMakeCCompilerABI.c.o
/home/kali/.buildozer/android/platform/android-ndk-r19c/toolchains/llvm/prebuilt/linux-x86_64/bin/clang --target=armv7-none-linux-androideabi16 --gcc-toolchain=/home/kali/.buildozer/android/platform/android-ndk-r19c/toolchains/llvm/prebuilt/linux-x86_64 --sysroot=/home/kali/.buildozer/android/platform/android-ndk-r19c/toolchains/llvm/prebuilt/linux-x86_64/sysroot   -g -DANDROID -fdata-sections -ffunction-sections -funwind-tables -fstack-protector-strong -no-canonical-prefixes -mfpu=vfpv3-d16 -fno-addrsig -march=armv7-a -mthumb -mfpu=neon -Wa,--noexecstack -Wformat   -fPIE   -v -MD -MT CMakeFiles/cmTC_762bc.dir/CMakeCCompilerABI.c.o -MF CMakeFiles/cmTC_762bc.dir/CMakeCCompilerABI.c.o.d -o CMakeFiles/cmTC_762bc.dir/CMakeCCompilerABI.c.o -c /usr/share/cmake-3.22/Modules/CMakeCCompilerABI.c
Android (5058415 based on r339409) clang version 8.0.2 (https://android.googlesource.com/toolchain/clang 40173bab62ec746213857d083c0e8b0abb568790) (https://android.googlesource.com/toolchain/llvm 7a6618d69e7e8111e1d49dc9e7813767c5ca756a) (based on LLVM 8.0.2svn)
Target: armv7-none-linux-android16
Thread model: posix
InstalledDir: /home/kali/.buildozer/android/platform/android-ndk-r19c/toolchains/llvm/prebuilt/linux-x86_64/bin
Found candidate GCC installation: /home/kali/.buildozer/android/platform/android-ndk-r19c/toolchains/llvm/prebuilt/linux-x86_64/lib/gcc/arm-linux-androideabi/4.9.x
Selected GCC installation: /home/kali/.buildozer/android/platform/android-ndk-r19c/toolchains/llvm/prebuilt/linux-x86_64/lib/gcc/arm-linux-androideabi/4.9.x
Candidate multilib: thumb;@mthumb
Candidate multilib: armv7-a;@march=armv7-a
Candidate multilib: armv7-a/thumb;@march=armv7-a@mthumb
Candidate multilib: .;
Selected multilib: armv7-a/thumb;@march=armv7-a@mthumb
 "/home/kali/.buildozer/android/platform/android-ndk-r19c/toolchains/llvm/prebuilt/linux-x86_64/bin/clang" -cc1 -triple thumbv7-none-linux-android16 -emit-obj -mrelax-all -mnoexecstack -disable-free -disable-llvm-verifier -discard-value-names -main-file-name CMakeCCompilerABI.c -mrelocation-model pic -pic-level 2 -pic-is-pie -mthread-model posix -mdisable-fp-elim -fmath-errno -masm-verbose -mconstructor-aliases -munwind-tables -fuse-init-array -target-cpu generic -target-feature +soft-float-abi -target-feature -fp-only-sp -target-feature -d16 -target-feature +vfp3 -target-feature -fp16 -target-feature -vfp4 -target-feature -fp-armv8 -target-feature +neon -target-feature -crypto -target-abi aapcs-linux -mfloat-abi soft -fallow-half-arguments-and-returns -dwarf-column-info -debug-info-kind=limited -dwarf-version=4 -debugger-tuning=gdb -v -ffunction-sections -fdata-sections -coverage-notes-file /home/kali/MSDrohne/.buildozer/android/platform/build-armeabi-v7a/build/other_builds/jpeg/armeabi-v7a__ndk_target_21/jpeg/CMakeFiles/CMakeTmp/CMakeFiles/cmTC_762bc.dir/CMakeCCompilerABI.c.gcno -resource-dir /home/kali/.buildozer/android/platform/android-ndk-r19c/toolchains/llvm/prebuilt/linux-x86_64/lib64/clang/8.0.2 -dependency-file CMakeFiles/cmTC_762bc.dir/CMakeCCompilerABI.c.o.d -sys-header-deps -MT CMakeFiles/cmTC_762bc.dir/CMakeCCompilerABI.c.o -D ANDROID -isysroot /home/kali/.buildozer/android/platform/android-ndk-r19c/toolchains/llvm/prebuilt/linux-x86_64/sysroot -internal-isystem /home/kali/.buildozer/android/platform/android-ndk-r19c/toolchains/llvm/prebuilt/linux-x86_64/sysroot/usr/local/include -internal-isystem /home/kali/.buildozer/android/platform/android-ndk-r19c/toolchains/llvm/prebuilt/linux-x86_64/lib64/clang/8.0.2/include -internal-externc-isystem /home/kali/.buildozer/android/platform/android-ndk-r19c/toolchains/llvm/prebuilt/linux-x86_64/sysroot/usr/include/arm-linux-androideabi -internal-externc-isystem /home/kali/.buildozer/android/platform/android-ndk-r19c/toolchains/llvm/prebuilt/linux-x86_64/sysroot/include -internal-externc-isystem /home/kali/.buildozer/android/platform/android-ndk-r19c/toolchains/llvm/prebuilt/linux-x86_64/sysroot/usr/include -Wformat -fdebug-compilation-dir /home/kali/MSDrohne/.buildozer/android/platform/build-armeabi-v7a/build/other_builds/jpeg/armeabi-v7a__ndk_target_21/jpeg/CMakeFiles/CMakeTmp -ferror-limit 19 -fmessage-length 0 -stack-protector 2 -fno-signed-char -fobjc-runtime=gcc -fdiagnostics-show-option -o CMakeFiles/cmTC_762bc.dir/CMakeCCompilerABI.c.o -x c /usr/share/cmake-3.22/Modules/CMakeCCompilerABI.c
clang -cc1 version 8.0.2 based upon LLVM 8.0.2svn default target x86_64-unknown-linux-gnu
ignoring nonexistent directory "/home/kali/.buildozer/android/platform/android-ndk-r19c/toolchains/llvm/prebuilt/linux-x86_64/sysroot/include"
#include "..." search starts here:
#include <...> search starts here:
 /home/kali/.buildozer/android/platform/android-ndk-r19c/toolchains/llvm/prebuilt/linux-x86_64/sysroot/usr/local/include
 /home/kali/.buildozer/android/platform/android-ndk-r19c/toolchains/llvm/prebuilt/linux-x86_64/lib64/clang/8.0.2/include
 /home/kali/.buildozer/android/platform/android-ndk-r19c/toolchains/llvm/prebuilt/linux-x86_64/sysroot/usr/include/arm-linux-androideabi
 /home/kali/.buildozer/android/platform/android-ndk-r19c/toolchains/llvm/prebuilt/linux-x86_64/sysroot/usr/include
End of search list.
Linking C executable cmTC_762bc
/usr/bin/cmake -E cmake_link_script CMakeFiles/cmTC_762bc.dir/link.txt --verbose=1
/home/kali/.buildozer/android/platform/android-ndk-r19c/toolchains/llvm/prebuilt/linux-x86_64/bin/clang --target=armv7-none-linux-androideabi16 --gcc-toolchain=/home/kali/.buildozer/android/platform/android-ndk-r19c/toolchains/llvm/prebuilt/linux-x86_64 --sysroot=/home/kali/.buildozer/android/platform/android-ndk-r19c/toolchains/llvm/prebuilt/linux-x86_64/sysroot -g -DANDROID -fdata-sections -ffunction-sections -funwind-tables -fstack-protector-strong -no-canonical-prefixes -mfpu=vfpv3-d16 -fno-addrsig -march=armv7-a -mthumb -mfpu=neon -Wa,--noexecstack -Wformat   -Wl,--exclude-libs,libgcc.a -Wl,--exclude-libs,libatomic.a -static-libstdc++ -Wl,--build-id -Wl,--warn-shared-textrel -Wl,--fatal-warnings -Wl,--exclude-libs,libunwind.a -Wl,--no-undefined -Qunused-arguments -Wl,-z,noexecstack -Wl,-z,relro -Wl,-z,now -Wl,--gc-sections  -v CMakeFiles/cmTC_762bc.dir/CMakeCCompilerABI.c.o -o cmTC_762bc 
Android (5058415 based on r339409) clang version 8.0.2 (https://android.googlesource.com/toolchain/clang 40173bab62ec746213857d083c0e8b0abb568790) (https://android.googlesource.com/toolchain/llvm 7a6618d69e7e8111e1d49dc9e7813767c5ca756a) (based on LLVM 8.0.2svn)
Target: armv7-none-linux-android16
Thread model: posix
InstalledDir: /home/kali/.buildozer/android/platform/android-ndk-r19c/toolchains/llvm/prebuilt/linux-x86_64/bin
Found candidate GCC installation: /home/kali/.buildozer/android/platform/android-ndk-r19c/toolchains/llvm/prebuilt/linux-x86_64/lib/gcc/arm-linux-androideabi/4.9.x
Selected GCC installation: /home/kali/.buildozer/android/platform/android-ndk-r19c/toolchains/llvm/prebuilt/linux-x86_64/lib/gcc/arm-linux-androideabi/4.9.x
Candidate multilib: thumb;@mthumb
Candidate multilib: armv7-a;@march=armv7-a
Candidate multilib: armv7-a/thumb;@march=armv7-a@mthumb
Candidate multilib: .;
Selected multilib: armv7-a/thumb;@march=armv7-a@mthumb
 "/home/kali/.buildozer/android/platform/android-ndk-r19c/toolchains/llvm/prebuilt/linux-x86_64/lib/gcc/arm-linux-androideabi/4.9.x/../../../../arm-linux-androideabi/bin/ld" --sysroot=/home/kali/.buildozer/android/platform/android-ndk-r19c/toolchains/llvm/prebuilt/linux-x86_64/sysroot -pie -X --enable-new-dtags --eh-frame-hdr -m armelf_linux_eabi -dynamic-linker /system/bin/linker -o cmTC_762bc /home/kali/.buildozer/android/platform/android-ndk-r19c/toolchains/llvm/prebuilt/linux-x86_64/sysroot/usr/lib/arm-linux-androideabi/16/crtbegin_dynamic.o -L/home/kali/.buildozer/android/platform/android-ndk-r19c/toolchains/llvm/prebuilt/linux-x86_64/lib64/clang/8.0.2/lib/linux/arm -L/home/kali/.buildozer/android/platform/android-ndk-r19c/toolchains/llvm/prebuilt/linux-x86_64/lib/gcc/arm-linux-androideabi/4.9.x/armv7-a/thumb -L/home/kali/.buildozer/android/platform/android-ndk-r19c/toolchains/llvm/prebuilt/linux-x86_64/lib/gcc/arm-linux-androideabi/4.9.x/../../../../arm-linux-androideabi/lib/../lib/armv7-a/thumb -L/home/kali/.buildozer/android/platform/android-ndk-r19c/toolchains/llvm/prebuilt/linux-x86_64/sysroot/usr/lib/arm-linux-androideabi/16 -L/home/kali/.buildozer/android/platform/android-ndk-r19c/toolchains/llvm/prebuilt/linux-x86_64/sysroot/usr/lib/arm-linux-androideabi -L/home/kali/.buildozer/android/platform/android-ndk-r19c/toolchains/llvm/prebuilt/linux-x86_64/sysroot/usr/lib/../lib -L/home/kali/.buildozer/android/platform/android-ndk-r19c/toolchains/llvm/prebuilt/linux-x86_64/sysroot/usr/lib/arm-linux-androideabi/../../lib -L/home/kali/.buildozer/android/platform/android-ndk-r19c/toolchains/llvm/prebuilt/linux-x86_64/lib/gcc/arm-linux-androideabi/4.9.x/../../../../arm-linux-androideabi/lib/armv7-a/thumb -L/home/kali/.buildozer/android/platform/android-ndk-r19c/toolchains/llvm/prebuilt/linux-x86_64/sysroot/usr/lib --exclude-libs libgcc.a --exclude-libs libatomic.a --build-id --warn-shared-textrel --fatal-warnings --exclude-libs libunwind.a --no-undefined -z noexecstack -z relro -z now --gc-sections CMakeFiles/cmTC_762bc.dir/CMakeCCompilerABI.c.o -lgcc -ldl -lc -lgcc -ldl /home/kali/.buildozer/android/platform/android-ndk-r19c/toolchains/llvm/prebuilt/linux-x86_64/sysroot/usr/lib/arm-linux-androideabi/16/crtend_android.o
make[1]: Leaving directory '/home/kali/MSDrohne/.buildozer/android/platform/build-armeabi-v7a/build/other_builds/jpeg/armeabi-v7a__ndk_target_21/jpeg/CMakeFiles/CMakeTmp'



Parsed C implicit include dir info from above output: rv=done
  found start of include info
  found start of implicit include info
    add: [/home/kali/.buildozer/android/platform/android-ndk-r19c/toolchains/llvm/prebuilt/linux-x86_64/sysroot/usr/local/include]
    add: [/home/kali/.buildozer/android/platform/android-ndk-r19c/toolchains/llvm/prebuilt/linux-x86_64/lib64/clang/8.0.2/include]
    add: [/home/kali/.buildozer/android/platform/android-ndk-r19c/toolchains/llvm/prebuilt/linux-x86_64/sysroot/usr/include/arm-linux-androideabi]
    add: [/home/kali/.buildozer/android/platform/android-ndk-r19c/toolchains/llvm/prebuilt/linux-x86_64/sysroot/usr/include]
  end of search list found
  collapse include dir [/home/kali/.buildozer/android/platform/android-ndk-r19c/toolchains/llvm/prebuilt/linux-x86_64/sysroot/usr/local/include] ==> [/home/kali/.buildozer/android/platform/android-ndk-r19c/toolchains/llvm/prebuilt/linux-x86_64/sysroot/usr/local/include]
  collapse include dir [/home/kali/.buildozer/android/platform/android-ndk-r19c/toolchains/llvm/prebuilt/linux-x86_64/lib64/clang/8.0.2/include] ==> [/home/kali/.buildozer/android/platform/android-ndk-r19c/toolchains/llvm/prebuilt/linux-x86_64/lib64/clang/8.0.2/include]
  collapse include dir [/home/kali/.buildozer/android/platform/android-ndk-r19c/toolchains/llvm/prebuilt/linux-x86_64/sysroot/usr/include/arm-linux-androideabi] ==> [/home/kali/.buildozer/android/platform/android-ndk-r19c/toolchains/llvm/prebuilt/linux-x86_64/sysroot/usr/include/arm-linux-androideabi]
  collapse include dir [/home/kali/.buildozer/android/platform/android-ndk-r19c/toolchains/llvm/prebuilt/linux-x86_64/sysroot/usr/include] ==> [/home/kali/.buildozer/android/platform/android-ndk-r19c/toolchains/llvm/prebuilt/linux-x86_64/sysroot/usr/include]
  implicit include dirs: [/home/kali/.buildozer/android/platform/android-ndk-r19c/toolchains/llvm/prebuilt/linux-x86_64/sysroot/usr/local/include;/home/kali/.buildozer/android/platform/android-ndk-r19c/toolchains/llvm/prebuilt/linux-x86_64/lib64/clang/8.0.2/include;/home/kali/.buildozer/android/platform/android-ndk-r19c/toolchains/llvm/prebuilt/linux-x86_64/sysroot/usr/include/arm-linux-androideabi;/home/kali/.buildozer/android/platform/android-ndk-r19c/toolchains/llvm/prebuilt/linux-x86_64/sysroot/usr/include]


Parsed C implicit link information from above output:
  link line regex: [^( *|.*[/\])(ld\.lld|CMAKE_LINK_STARTFILE-NOTFOUND|([^/\]+-)?ld|collect2)[^/\]*( |$)]
  ignore line: [Change Dir: /home/kali/MSDrohne/.buildozer/android/platform/build-armeabi-v7a/build/other_builds/jpeg/armeabi-v7a__ndk_target_21/jpeg/CMakeFiles/CMakeTmp]
  ignore line: []
  ignore line: [Run Build Command(s):/usr/bin/gmake -f Makefile cmTC_762bc/fast && make -j2  -f CMakeFiles/cmTC_762bc.dir/build.make CMakeFiles/cmTC_762bc.dir/build]
  ignore line: [make[1]: Entering directory '/home/kali/MSDrohne/.buildozer/android/platform/build-armeabi-v7a/build/other_builds/jpeg/armeabi-v7a__ndk_target_21/jpeg/CMakeFiles/CMakeTmp']
  ignore line: [Building C object CMakeFiles/cmTC_762bc.dir/CMakeCCompilerABI.c.o]
  ignore line: [/home/kali/.buildozer/android/platform/android-ndk-r19c/toolchains/llvm/prebuilt/linux-x86_64/bin/clang --target=armv7-none-linux-androideabi16 --gcc-toolchain=/home/kali/.buildozer/android/platform/android-ndk-r19c/toolchains/llvm/prebuilt/linux-x86_64 --sysroot=/home/kali/.buildozer/android/platform/android-ndk-r19c/toolchains/llvm/prebuilt/linux-x86_64/sysroot   -g -DANDROID -fdata-sections -ffunction-sections -funwind-tables -fstack-protector-strong -no-canonical-prefixes -mfpu=vfpv3-d16 -fno-addrsig -march=armv7-a -mthumb -mfpu=neon -Wa --noexecstack -Wformat   -fPIE   -v -MD -MT CMakeFiles/cmTC_762bc.dir/CMakeCCompilerABI.c.o -MF CMakeFiles/cmTC_762bc.dir/CMakeCCompilerABI.c.o.d -o CMakeFiles/cmTC_762bc.dir/CMakeCCompilerABI.c.o -c /usr/share/cmake-3.22/Modules/CMakeCCompilerABI.c]
  ignore line: [Android (5058415 based on r339409) clang version 8.0.2 (https://android.googlesource.com/toolchain/clang 40173bab62ec746213857d083c0e8b0abb568790) (https://android.googlesource.com/toolchain/llvm 7a6618d69e7e8111e1d49dc9e7813767c5ca756a) (based on LLVM 8.0.2svn)]
  ignore line: [Target: armv7-none-linux-android16]
  ignore line: [Thread model: posix]
  ignore line: [InstalledDir: /home/kali/.buildozer/android/platform/android-ndk-r19c/toolchains/llvm/prebuilt/linux-x86_64/bin]
  ignore line: [Found candidate GCC installation: /home/kali/.buildozer/android/platform/android-ndk-r19c/toolchains/llvm/prebuilt/linux-x86_64/lib/gcc/arm-linux-androideabi/4.9.x]
  ignore line: [Selected GCC installation: /home/kali/.buildozer/android/platform/android-ndk-r19c/toolchains/llvm/prebuilt/linux-x86_64/lib/gcc/arm-linux-androideabi/4.9.x]
  ignore line: [Candidate multilib: thumb]
  ignore line: [@mthumb]
  ignore line: [Candidate multilib: armv7-a]
  ignore line: [@march=armv7-a]
  ignore line: [Candidate multilib: armv7-a/thumb]
  ignore line: [@march=armv7-a@mthumb]
  ignore line: [Candidate multilib: .]
  ignore line: []
  ignore line: [Selected multilib: armv7-a/thumb]
  ignore line: [@march=armv7-a@mthumb]
  ignore line: [ "/home/kali/.buildozer/android/platform/android-ndk-r19c/toolchains/llvm/prebuilt/linux-x86_64/bin/clang" -cc1 -triple thumbv7-none-linux-android16 -emit-obj -mrelax-all -mnoexecstack -disable-free -disable-llvm-verifier -discard-value-names -main-file-name CMakeCCompilerABI.c -mrelocation-model pic -pic-level 2 -pic-is-pie -mthread-model posix -mdisable-fp-elim -fmath-errno -masm-verbose -mconstructor-aliases -munwind-tables -fuse-init-array -target-cpu generic -target-feature +soft-float-abi -target-feature -fp-only-sp -target-feature -d16 -target-feature +vfp3 -target-feature -fp16 -target-feature -vfp4 -target-feature -fp-armv8 -target-feature +neon -target-feature -crypto -target-abi aapcs-linux -mfloat-abi soft -fallow-half-arguments-and-returns -dwarf-column-info -debug-info-kind=limited -dwarf-version=4 -debugger-tuning=gdb -v -ffunction-sections -fdata-sections -coverage-notes-file /home/kali/MSDrohne/.buildozer/android/platform/build-armeabi-v7a/build/other_builds/jpeg/armeabi-v7a__ndk_target_21/jpeg/CMakeFiles/CMakeTmp/CMakeFiles/cmTC_762bc.dir/CMakeCCompilerABI.c.gcno -resource-dir /home/kali/.buildozer/android/platform/android-ndk-r19c/toolchains/llvm/prebuilt/linux-x86_64/lib64/clang/8.0.2 -dependency-file CMakeFiles/cmTC_762bc.dir/CMakeCCompilerABI.c.o.d -sys-header-deps -MT CMakeFiles/cmTC_762bc.dir/CMakeCCompilerABI.c.o -D ANDROID -isysroot /home/kali/.buildozer/android/platform/android-ndk-r19c/toolchains/llvm/prebuilt/linux-x86_64/sysroot -internal-isystem /home/kali/.buildozer/android/platform/android-ndk-r19c/toolchains/llvm/prebuilt/linux-x86_64/sysroot/usr/local/include -internal-isystem /home/kali/.buildozer/android/platform/android-ndk-r19c/toolchains/llvm/prebuilt/linux-x86_64/lib64/clang/8.0.2/include -internal-externc-isystem /home/kali/.buildozer/android/platform/android-ndk-r19c/toolchains/llvm/prebuilt/linux-x86_64/sysroot/usr/include/arm-linux-androideabi -internal-externc-isystem /home/kali/.buildozer/android/platform/android-ndk-r19c/toolchains/llvm/prebuilt/linux-x86_64/sysroot/include -internal-externc-isystem /home/kali/.buildozer/android/platform/android-ndk-r19c/toolchains/llvm/prebuilt/linux-x86_64/sysroot/usr/include -Wformat -fdebug-compilation-dir /home/kali/MSDrohne/.buildozer/android/platform/build-armeabi-v7a/build/other_builds/jpeg/armeabi-v7a__ndk_target_21/jpeg/CMakeFiles/CMakeTmp -ferror-limit 19 -fmessage-length 0 -stack-protector 2 -fno-signed-char -fobjc-runtime=gcc -fdiagnostics-show-option -o CMakeFiles/cmTC_762bc.dir/CMakeCCompilerABI.c.o -x c /usr/share/cmake-3.22/Modules/CMakeCCompilerABI.c]
  ignore line: [clang -cc1 version 8.0.2 based upon LLVM 8.0.2svn default target x86_64-unknown-linux-gnu]
  ignore line: [ignoring nonexistent directory "/home/kali/.buildozer/android/platform/android-ndk-r19c/toolchains/llvm/prebuilt/linux-x86_64/sysroot/include"]
  ignore line: [#include "..." search starts here:]
  ignore line: [#include <...> search starts here:]
  ignore line: [ /home/kali/.buildozer/android/platform/android-ndk-r19c/toolchains/llvm/prebuilt/linux-x86_64/sysroot/usr/local/include]
  ignore line: [ /home/kali/.buildozer/android/platform/android-ndk-r19c/toolchains/llvm/prebuilt/linux-x86_64/lib64/clang/8.0.2/include]
  ignore line: [ /home/kali/.buildozer/android/platform/android-ndk-r19c/toolchains/llvm/prebuilt/linux-x86_64/sysroot/usr/include/arm-linux-androideabi]
  ignore line: [ /home/kali/.buildozer/android/platform/android-ndk-r19c/toolchains/llvm/prebuilt/linux-x86_64/sysroot/usr/include]
  ignore line: [End of search list.]
  ignore line: [Linking C executable cmTC_762bc]
  ignore line: [/usr/bin/cmake -E cmake_link_script CMakeFiles/cmTC_762bc.dir/link.txt --verbose=1]
  ignore line: [/home/kali/.buildozer/android/platform/android-ndk-r19c/toolchains/llvm/prebuilt/linux-x86_64/bin/clang --target=armv7-none-linux-androideabi16 --gcc-toolchain=/home/kali/.buildozer/android/platform/android-ndk-r19c/toolchains/llvm/prebuilt/linux-x86_64 --sysroot=/home/kali/.buildozer/android/platform/android-ndk-r19c/toolchains/llvm/prebuilt/linux-x86_64/sysroot -g -DANDROID -fdata-sections -ffunction-sections -funwind-tables -fstack-protector-strong -no-canonical-prefixes -mfpu=vfpv3-d16 -fno-addrsig -march=armv7-a -mthumb -mfpu=neon -Wa --noexecstack -Wformat   -Wl --exclude-libs libgcc.a -Wl --exclude-libs libatomic.a -static-libstdc++ -Wl --build-id -Wl --warn-shared-textrel -Wl --fatal-warnings -Wl --exclude-libs libunwind.a -Wl --no-undefined -Qunused-arguments -Wl -z noexecstack -Wl -z relro -Wl -z now -Wl --gc-sections  -v CMakeFiles/cmTC_762bc.dir/CMakeCCompilerABI.c.o -o cmTC_762bc ]
  ignore line: [Android (5058415 based on r339409) clang version 8.0.2 (https://android.googlesource.com/toolchain/clang 40173bab62ec746213857d083c0e8b0abb568790) (https://android.googlesource.com/toolchain/llvm 7a6618d69e7e8111e1d49dc9e7813767c5ca756a) (based on LLVM 8.0.2svn)]
  ignore line: [Target: armv7-none-linux-android16]
  ignore line: [Thread model: posix]
  ignore line: [InstalledDir: /home/kali/.buildozer/android/platform/android-ndk-r19c/toolchains/llvm/prebuilt/linux-x86_64/bin]
  ignore line: [Found candidate GCC installation: /home/kali/.buildozer/android/platform/android-ndk-r19c/toolchains/llvm/prebuilt/linux-x86_64/lib/gcc/arm-linux-androideabi/4.9.x]
  ignore line: [Selected GCC installation: /home/kali/.buildozer/android/platform/android-ndk-r19c/toolchains/llvm/prebuilt/linux-x86_64/lib/gcc/arm-linux-androideabi/4.9.x]
  ignore line: [Candidate multilib: thumb]
  ignore line: [@mthumb]
  ignore line: [Candidate multilib: armv7-a]
  ignore line: [@march=armv7-a]
  ignore line: [Candidate multilib: armv7-a/thumb]
  ignore line: [@march=armv7-a@mthumb]
  ignore line: [Candidate multilib: .]
  ignore line: []
  ignore line: [Selected multilib: armv7-a/thumb]
  ignore line: [@march=armv7-a@mthumb]
  link line: [ "/home/kali/.buildozer/android/platform/android-ndk-r19c/toolchains/llvm/prebuilt/linux-x86_64/lib/gcc/arm-linux-androideabi/4.9.x/../../../../arm-linux-androideabi/bin/ld" --sysroot=/home/kali/.buildozer/android/platform/android-ndk-r19c/toolchains/llvm/prebuilt/linux-x86_64/sysroot -pie -X --enable-new-dtags --eh-frame-hdr -m armelf_linux_eabi -dynamic-linker /system/bin/linker -o cmTC_762bc /home/kali/.buildozer/android/platform/android-ndk-r19c/toolchains/llvm/prebuilt/linux-x86_64/sysroot/usr/lib/arm-linux-androideabi/16/crtbegin_dynamic.o -L/home/kali/.buildozer/android/platform/android-ndk-r19c/toolchains/llvm/prebuilt/linux-x86_64/lib64/clang/8.0.2/lib/linux/arm -L/home/kali/.buildozer/android/platform/android-ndk-r19c/toolchains/llvm/prebuilt/linux-x86_64/lib/gcc/arm-linux-androideabi/4.9.x/armv7-a/thumb -L/home/kali/.buildozer/android/platform/android-ndk-r19c/toolchains/llvm/prebuilt/linux-x86_64/lib/gcc/arm-linux-androideabi/4.9.x/../../../../arm-linux-androideabi/lib/../lib/armv7-a/thumb -L/home/kali/.buildozer/android/platform/android-ndk-r19c/toolchains/llvm/prebuilt/linux-x86_64/sysroot/usr/lib/arm-linux-androideabi/16 -L/home/kali/.buildozer/android/platform/android-ndk-r19c/toolchains/llvm/prebuilt/linux-x86_64/sysroot/usr/lib/arm-linux-androideabi -L/home/kali/.buildozer/android/platform/android-ndk-r19c/toolchains/llvm/prebuilt/linux-x86_64/sysroot/usr/lib/../lib -L/home/kali/.buildozer/android/platform/android-ndk-r19c/toolchains/llvm/prebuilt/linux-x86_64/sysroot/usr/lib/arm-linux-androideabi/../../lib -L/home/kali/.buildozer/android/platform/android-ndk-r19c/toolchains/llvm/prebuilt/linux-x86_64/lib/gcc/arm-linux-androideabi/4.9.x/../../../../arm-linux-androideabi/lib/armv7-a/thumb -L/home/kali/.buildozer/android/platform/android-ndk-r19c/toolchains/llvm/prebuilt/linux-x86_64/sysroot/usr/lib --exclude-libs libgcc.a --exclude-libs libatomic.a --build-id --warn-shared-textrel --fatal-warnings --exclude-libs libunwind.a --no-undefined -z noexecstack -z relro -z now --gc-sections CMakeFiles/cmTC_762bc.dir/CMakeCCompilerABI.c.o -lgcc -ldl -lc -lgcc -ldl /home/kali/.buildozer/android/platform/android-ndk-r19c/toolchains/llvm/prebuilt/linux-x86_64/sysroot/usr/lib/arm-linux-androideabi/16/crtend_android.o]
    arg [/home/kali/.buildozer/android/platform/android-ndk-r19c/toolchains/llvm/prebuilt/linux-x86_64/lib/gcc/arm-linux-androideabi/4.9.x/../../../../arm-linux-androideabi/bin/ld] ==> ignore
    arg [--sysroot=/home/kali/.buildozer/android/platform/android-ndk-r19c/toolchains/llvm/prebuilt/linux-x86_64/sysroot] ==> ignore
    arg [-pie] ==> ignore
    arg [-X] ==> ignore
    arg [--enable-new-dtags] ==> ignore
    arg [--eh-frame-hdr] ==> ignore
    arg [-m] ==> ignore
    arg [armelf_linux_eabi] ==> ignore
    arg [-dynamic-linker] ==> ignore
    arg [/system/bin/linker] ==> ignore
    arg [-o] ==> ignore
    arg [cmTC_762bc] ==> ignore
    arg [/home/kali/.buildozer/android/platform/android-ndk-r19c/toolchains/llvm/prebuilt/linux-x86_64/sysroot/usr/lib/arm-linux-androideabi/16/crtbegin_dynamic.o] ==> obj [/home/kali/.buildozer/android/platform/android-ndk-r19c/toolchains/llvm/prebuilt/linux-x86_64/sysroot/usr/lib/arm-linux-androideabi/16/crtbegin_dynamic.o]
    arg [-L/home/kali/.buildozer/android/platform/android-ndk-r19c/toolchains/llvm/prebuilt/linux-x86_64/lib64/clang/8.0.2/lib/linux/arm] ==> dir [/home/kali/.buildozer/android/platform/android-ndk-r19c/toolchains/llvm/prebuilt/linux-x86_64/lib64/clang/8.0.2/lib/linux/arm]
    arg [-L/home/kali/.buildozer/android/platform/android-ndk-r19c/toolchains/llvm/prebuilt/linux-x86_64/lib/gcc/arm-linux-androideabi/4.9.x/armv7-a/thumb] ==> dir [/home/kali/.buildozer/android/platform/android-ndk-r19c/toolchains/llvm/prebuilt/linux-x86_64/lib/gcc/arm-linux-androideabi/4.9.x/armv7-a/thumb]
    arg [-L/home/kali/.buildozer/android/platform/android-ndk-r19c/toolchains/llvm/prebuilt/linux-x86_64/lib/gcc/arm-linux-androideabi/4.9.x/../../../../arm-linux-androideabi/lib/../lib/armv7-a/thumb] ==> dir [/home/kali/.buildozer/android/platform/android-ndk-r19c/toolchains/llvm/prebuilt/linux-x86_64/lib/gcc/arm-linux-androideabi/4.9.x/../../../../arm-linux-androideabi/lib/../lib/armv7-a/thumb]
    arg [-L/home/kali/.buildozer/android/platform/android-ndk-r19c/toolchains/llvm/prebuilt/linux-x86_64/sysroot/usr/lib/arm-linux-androideabi/16] ==> dir [/home/kali/.buildozer/android/platform/android-ndk-r19c/toolchains/llvm/prebuilt/linux-x86_64/sysroot/usr/lib/arm-linux-androideabi/16]
    arg [-L/home/kali/.buildozer/android/platform/android-ndk-r19c/toolchains/llvm/prebuilt/linux-x86_64/sysroot/usr/lib/arm-linux-androideabi] ==> dir [/home/kali/.buildozer/android/platform/android-ndk-r19c/toolchains/llvm/prebuilt/linux-x86_64/sysroot/usr/lib/arm-linux-androideabi]
    arg [-L/home/kali/.buildozer/android/platform/android-ndk-r19c/toolchains/llvm/prebuilt/linux-x86_64/sysroot/usr/lib/../lib] ==> dir [/home/kali/.buildozer/android/platform/android-ndk-r19c/toolchains/llvm/prebuilt/linux-x86_64/sysroot/usr/lib/../lib]
    arg [-L/home/kali/.buildozer/android/platform/android-ndk-r19c/toolchains/llvm/prebuilt/linux-x86_64/sysroot/usr/lib/arm-linux-androideabi/../../lib] ==> dir [/home/kali/.buildozer/android/platform/android-ndk-r19c/toolchains/llvm/prebuilt/linux-x86_64/sysroot/usr/lib/arm-linux-androideabi/../../lib]
    arg [-L/home/kali/.buildozer/android/platform/android-ndk-r19c/toolchains/llvm/prebuilt/linux-x86_64/lib/gcc/arm-linux-androideabi/4.9.x/../../../../arm-linux-androideabi/lib/armv7-a/thumb] ==> dir [/home/kali/.buildozer/android/platform/android-ndk-r19c/toolchains/llvm/prebuilt/linux-x86_64/lib/gcc/arm-linux-androideabi/4.9.x/../../../../arm-linux-androideabi/lib/armv7-a/thumb]
    arg [-L/home/kali/.buildozer/android/platform/android-ndk-r19c/toolchains/llvm/prebuilt/linux-x86_64/sysroot/usr/lib] ==> dir [/home/kali/.buildozer/android/platform/android-ndk-r19c/toolchains/llvm/prebuilt/linux-x86_64/sysroot/usr/lib]
    arg [--exclude-libs] ==> ignore
    arg [libgcc.a] ==> ignore
    arg [--exclude-libs] ==> ignore
    arg [libatomic.a] ==> ignore
    arg [--build-id] ==> ignore
    arg [--warn-shared-textrel] ==> ignore
    arg [--fatal-warnings] ==> ignore
    arg [--exclude-libs] ==> ignore
    arg [libunwind.a] ==> ignore
    arg [--no-undefined] ==> ignore
    arg [-znoexecstack] ==> ignore
    arg [-zrelro] ==> ignore
    arg [-znow] ==> ignore
    arg [--gc-sections] ==> ignore
    arg [CMakeFiles/cmTC_762bc.dir/CMakeCCompilerABI.c.o] ==> ignore
    arg [-lgcc] ==> lib [gcc]
    arg [-ldl] ==> lib [dl]
    arg [-lc] ==> lib [c]
    arg [-lgcc] ==> lib [gcc]
    arg [-ldl] ==> lib [dl]
    arg [/home/kali/.buildozer/android/platform/android-ndk-r19c/toolchains/llvm/prebuilt/linux-x86_64/sysroot/usr/lib/arm-linux-androideabi/16/crtend_android.o] ==> obj [/home/kali/.buildozer/android/platform/android-ndk-r19c/toolchains/llvm/prebuilt/linux-x86_64/sysroot/usr/lib/arm-linux-androideabi/16/crtend_android.o]
  collapse library dir [/home/kali/.buildozer/android/platform/android-ndk-r19c/toolchains/llvm/prebuilt/linux-x86_64/lib64/clang/8.0.2/lib/linux/arm] ==> [/home/kali/.buildozer/android/platform/android-ndk-r19c/toolchains/llvm/prebuilt/linux-x86_64/lib64/clang/8.0.2/lib/linux/arm]
  collapse library dir [/home/kali/.buildozer/android/platform/android-ndk-r19c/toolchains/llvm/prebuilt/linux-x86_64/lib/gcc/arm-linux-androideabi/4.9.x/armv7-a/thumb] ==> [/home/kali/.buildozer/android/platform/android-ndk-r19c/toolchains/llvm/prebuilt/linux-x86_64/lib/gcc/arm-linux-androideabi/4.9.x/armv7-a/thumb]
  collapse library dir [/home/kali/.buildozer/android/platform/android-ndk-r19c/toolchains/llvm/prebuilt/linux-x86_64/lib/gcc/arm-linux-androideabi/4.9.x/../../../../arm-linux-androideabi/lib/../lib/armv7-a/thumb] ==> [/home/kali/.buildozer/android/platform/android-ndk-r19c/toolchains/llvm/prebuilt/linux-x86_64/arm-linux-androideabi/lib/armv7-a/thumb]
  collapse library dir [/home/kali/.buildozer/android/platform/android-ndk-r19c/toolchains/llvm/prebuilt/linux-x86_64/sysroot/usr/lib/arm-linux-androideabi/16] ==> [/home/kali/.buildozer/android/platform/android-ndk-r19c/toolchains/llvm/prebuilt/linux-x86_64/sysroot/usr/lib/arm-linux-androideabi/16]
  collapse library dir [/home/kali/.buildozer/android/platform/android-ndk-r19c/toolchains/llvm/prebuilt/linux-x86_64/sysroot/usr/lib/arm-linux-androideabi] ==> [/home/kali/.buildozer/android/platform/android-ndk-r19c/toolchains/llvm/prebuilt/linux-x86_64/sysroot/usr/lib/arm-linux-androideabi]
  collapse library dir [/home/kali/.buildozer/android/platform/android-ndk-r19c/toolchains/llvm/prebuilt/linux-x86_64/sysroot/usr/lib/../lib] ==> [/home/kali/.buildozer/android/platform/android-ndk-r19c/toolchains/llvm/prebuilt/linux-x86_64/sysroot/usr/lib]
  collapse library dir [/home/kali/.buildozer/android/platform/android-ndk-r19c/toolchains/llvm/prebuilt/linux-x86_64/sysroot/usr/lib/arm-linux-androideabi/../../lib] ==> [/home/kali/.buildozer/android/platform/android-ndk-r19c/toolchains/llvm/prebuilt/linux-x86_64/sysroot/usr/lib]
  collapse library dir [/home/kali/.buildozer/android/platform/android-ndk-r19c/toolchains/llvm/prebuilt/linux-x86_64/lib/gcc/arm-linux-androideabi/4.9.x/../../../../arm-linux-androideabi/lib/armv7-a/thumb] ==> [/home/kali/.buildozer/android/platform/android-ndk-r19c/toolchains/llvm/prebuilt/linux-x86_64/arm-linux-androideabi/lib/armv7-a/thumb]
  collapse library dir [/home/kali/.buildozer/android/platform/android-ndk-r19c/toolchains/llvm/prebuilt/linux-x86_64/sysroot/usr/lib] ==> [/home/kali/.buildozer/android/platform/android-ndk-r19c/toolchains/llvm/prebuilt/linux-x86_64/sysroot/usr/lib]
  implicit libs: [gcc;dl;c;gcc;dl]
  implicit objs: [/home/kali/.buildozer/android/platform/android-ndk-r19c/toolchains/llvm/prebuilt/linux-x86_64/sysroot/usr/lib/arm-linux-androideabi/16/crtbegin_dynamic.o;/home/kali/.buildozer/android/platform/android-ndk-r19c/toolchains/llvm/prebuilt/linux-x86_64/sysroot/usr/lib/arm-linux-androideabi/16/crtend_android.o]
  implicit dirs: [/home/kali/.buildozer/android/platform/android-ndk-r19c/toolchains/llvm/prebuilt/linux-x86_64/lib64/clang/8.0.2/lib/linux/arm;/home/kali/.buildozer/android/platform/android-ndk-r19c/toolchains/llvm/prebuilt/linux-x86_64/lib/gcc/arm-linux-androideabi/4.9.x/armv7-a/thumb;/home/kali/.buildozer/android/platform/android-ndk-r19c/toolchains/llvm/prebuilt/linux-x86_64/arm-linux-androideabi/lib/armv7-a/thumb;/home/kali/.buildozer/android/platform/android-ndk-r19c/toolchains/llvm/prebuilt/linux-x86_64/sysroot/usr/lib/arm-linux-androideabi/16;/home/kali/.buildozer/android/platform/android-ndk-r19c/toolchains/llvm/prebuilt/linux-x86_64/sysroot/usr/lib/arm-linux-androideabi;/home/kali/.buildozer/android/platform/android-ndk-r19c/toolchains/llvm/prebuilt/linux-x86_64/sysroot/usr/lib]
  implicit fwks: []


Determining if the include file sys/types.h exists passed with the following output:
Change Dir: /home/kali/MSDrohne/.buildozer/android/platform/build-armeabi-v7a/build/other_builds/jpeg/armeabi-v7a__ndk_target_21/jpeg/CMakeFiles/CMakeTmp

Run Build Command(s):/usr/bin/gmake -f Makefile cmTC_bfafe/fast && make -j2  -f CMakeFiles/cmTC_bfafe.dir/build.make CMakeFiles/cmTC_bfafe.dir/build
make[1]: Entering directory '/home/kali/MSDrohne/.buildozer/android/platform/build-armeabi-v7a/build/other_builds/jpeg/armeabi-v7a__ndk_target_21/jpeg/CMakeFiles/CMakeTmp'
Building C object CMakeFiles/cmTC_bfafe.dir/CheckIncludeFile.c.o
/home/kali/.buildozer/android/platform/android-ndk-r19c/toolchains/llvm/prebuilt/linux-x86_64/bin/clang --target=armv7-none-linux-androideabi16 --gcc-toolchain=/home/kali/.buildozer/android/platform/android-ndk-r19c/toolchains/llvm/prebuilt/linux-x86_64 --sysroot=/home/kali/.buildozer/android/platform/android-ndk-r19c/toolchains/llvm/prebuilt/linux-x86_64/sysroot   -g -DANDROID -fdata-sections -ffunction-sections -funwind-tables -fstack-protector-strong -no-canonical-prefixes -mfpu=vfpv3-d16 -fno-addrsig -march=armv7-a -mthumb -mfpu=neon -Wa,--noexecstack -Wformat -Werror=format-security   -fPIE -MD -MT CMakeFiles/cmTC_bfafe.dir/CheckIncludeFile.c.o -MF CMakeFiles/cmTC_bfafe.dir/CheckIncludeFile.c.o.d -o CMakeFiles/cmTC_bfafe.dir/CheckIncludeFile.c.o -c /home/kali/MSDrohne/.buildozer/android/platform/build-armeabi-v7a/build/other_builds/jpeg/armeabi-v7a__ndk_target_21/jpeg/CMakeFiles/CMakeTmp/CheckIncludeFile.c
Linking C executable cmTC_bfafe
/usr/bin/cmake -E cmake_link_script CMakeFiles/cmTC_bfafe.dir/link.txt --verbose=1
/home/kali/.buildozer/android/platform/android-ndk-r19c/toolchains/llvm/prebuilt/linux-x86_64/bin/clang --target=armv7-none-linux-androideabi16 --gcc-toolchain=/home/kali/.buildozer/android/platform/android-ndk-r19c/toolchains/llvm/prebuilt/linux-x86_64 --sysroot=/home/kali/.buildozer/android/platform/android-ndk-r19c/toolchains/llvm/prebuilt/linux-x86_64/sysroot -g -DANDROID -fdata-sections -ffunction-sections -funwind-tables -fstack-protector-strong -no-canonical-prefixes -mfpu=vfpv3-d16 -fno-addrsig -march=armv7-a -mthumb -mfpu=neon -Wa,--noexecstack -Wformat -Werror=format-security   -Wl,--exclude-libs,libgcc.a -Wl,--exclude-libs,libatomic.a -static-libstdc++ -Wl,--build-id -Wl,--warn-shared-textrel -Wl,--fatal-warnings -Wl,--exclude-libs,libunwind.a -Wl,--no-undefined -Qunused-arguments -Wl,-z,noexecstack -Wl,-z,relro -Wl,-z,now -Wl,--gc-sections   CMakeFiles/cmTC_bfafe.dir/CheckIncludeFile.c.o -o cmTC_bfafe  -latomic -lm 
make[1]: Leaving directory '/home/kali/MSDrohne/.buildozer/android/platform/build-armeabi-v7a/build/other_builds/jpeg/armeabi-v7a__ndk_target_21/jpeg/CMakeFiles/CMakeTmp'



Determining if the include file stdint.h exists passed with the following output:
Change Dir: /home/kali/MSDrohne/.buildozer/android/platform/build-armeabi-v7a/build/other_builds/jpeg/armeabi-v7a__ndk_target_21/jpeg/CMakeFiles/CMakeTmp

Run Build Command(s):/usr/bin/gmake -f Makefile cmTC_b66c6/fast && make -j2  -f CMakeFiles/cmTC_b66c6.dir/build.make CMakeFiles/cmTC_b66c6.dir/build
make[1]: Entering directory '/home/kali/MSDrohne/.buildozer/android/platform/build-armeabi-v7a/build/other_builds/jpeg/armeabi-v7a__ndk_target_21/jpeg/CMakeFiles/CMakeTmp'
Building C object CMakeFiles/cmTC_b66c6.dir/CheckIncludeFile.c.o
/home/kali/.buildozer/android/platform/android-ndk-r19c/toolchains/llvm/prebuilt/linux-x86_64/bin/clang --target=armv7-none-linux-androideabi16 --gcc-toolchain=/home/kali/.buildozer/android/platform/android-ndk-r19c/toolchains/llvm/prebuilt/linux-x86_64 --sysroot=/home/kali/.buildozer/android/platform/android-ndk-r19c/toolchains/llvm/prebuilt/linux-x86_64/sysroot   -g -DANDROID -fdata-sections -ffunction-sections -funwind-tables -fstack-protector-strong -no-canonical-prefixes -mfpu=vfpv3-d16 -fno-addrsig -march=armv7-a -mthumb -mfpu=neon -Wa,--noexecstack -Wformat -Werror=format-security   -fPIE -MD -MT CMakeFiles/cmTC_b66c6.dir/CheckIncludeFile.c.o -MF CMakeFiles/cmTC_b66c6.dir/CheckIncludeFile.c.o.d -o CMakeFiles/cmTC_b66c6.dir/CheckIncludeFile.c.o -c /home/kali/MSDrohne/.buildozer/android/platform/build-armeabi-v7a/build/other_builds/jpeg/armeabi-v7a__ndk_target_21/jpeg/CMakeFiles/CMakeTmp/CheckIncludeFile.c
Linking C executable cmTC_b66c6
/usr/bin/cmake -E cmake_link_script CMakeFiles/cmTC_b66c6.dir/link.txt --verbose=1
/home/kali/.buildozer/android/platform/android-ndk-r19c/toolchains/llvm/prebuilt/linux-x86_64/bin/clang --target=armv7-none-linux-androideabi16 --gcc-toolchain=/home/kali/.buildozer/android/platform/android-ndk-r19c/toolchains/llvm/prebuilt/linux-x86_64 --sysroot=/home/kali/.buildozer/android/platform/android-ndk-r19c/toolchains/llvm/prebuilt/linux-x86_64/sysroot -g -DANDROID -fdata-sections -ffunction-sections -funwind-tables -fstack-protector-strong -no-canonical-prefixes -mfpu=vfpv3-d16 -fno-addrsig -march=armv7-a -mthumb -mfpu=neon -Wa,--noexecstack -Wformat -Werror=format-security   -Wl,--exclude-libs,libgcc.a -Wl,--exclude-libs,libatomic.a -static-libstdc++ -Wl,--build-id -Wl,--warn-shared-textrel -Wl,--fatal-warnings -Wl,--exclude-libs,libunwind.a -Wl,--no-undefined -Qunused-arguments -Wl,-z,noexecstack -Wl,-z,relro -Wl,-z,now -Wl,--gc-sections   CMakeFiles/cmTC_b66c6.dir/CheckIncludeFile.c.o -o cmTC_b66c6  -latomic -lm 
make[1]: Leaving directory '/home/kali/MSDrohne/.buildozer/android/platform/build-armeabi-v7a/build/other_builds/jpeg/armeabi-v7a__ndk_target_21/jpeg/CMakeFiles/CMakeTmp'



Determining if the include file stddef.h exists passed with the following output:
Change Dir: /home/kali/MSDrohne/.buildozer/android/platform/build-armeabi-v7a/build/other_builds/jpeg/armeabi-v7a__ndk_target_21/jpeg/CMakeFiles/CMakeTmp

Run Build Command(s):/usr/bin/gmake -f Makefile cmTC_d5e46/fast && make -j2  -f CMakeFiles/cmTC_d5e46.dir/build.make CMakeFiles/cmTC_d5e46.dir/build
make[1]: Entering directory '/home/kali/MSDrohne/.buildozer/android/platform/build-armeabi-v7a/build/other_builds/jpeg/armeabi-v7a__ndk_target_21/jpeg/CMakeFiles/CMakeTmp'
Building C object CMakeFiles/cmTC_d5e46.dir/CheckIncludeFile.c.o
/home/kali/.buildozer/android/platform/android-ndk-r19c/toolchains/llvm/prebuilt/linux-x86_64/bin/clang --target=armv7-none-linux-androideabi16 --gcc-toolchain=/home/kali/.buildozer/android/platform/android-ndk-r19c/toolchains/llvm/prebuilt/linux-x86_64 --sysroot=/home/kali/.buildozer/android/platform/android-ndk-r19c/toolchains/llvm/prebuilt/linux-x86_64/sysroot   -g -DANDROID -fdata-sections -ffunction-sections -funwind-tables -fstack-protector-strong -no-canonical-prefixes -mfpu=vfpv3-d16 -fno-addrsig -march=armv7-a -mthumb -mfpu=neon -Wa,--noexecstack -Wformat -Werror=format-security   -fPIE -MD -MT CMakeFiles/cmTC_d5e46.dir/CheckIncludeFile.c.o -MF CMakeFiles/cmTC_d5e46.dir/CheckIncludeFile.c.o.d -o CMakeFiles/cmTC_d5e46.dir/CheckIncludeFile.c.o -c /home/kali/MSDrohne/.buildozer/android/platform/build-armeabi-v7a/build/other_builds/jpeg/armeabi-v7a__ndk_target_21/jpeg/CMakeFiles/CMakeTmp/CheckIncludeFile.c
Linking C executable cmTC_d5e46
/usr/bin/cmake -E cmake_link_script CMakeFiles/cmTC_d5e46.dir/link.txt --verbose=1
/home/kali/.buildozer/android/platform/android-ndk-r19c/toolchains/llvm/prebuilt/linux-x86_64/bin/clang --target=armv7-none-linux-androideabi16 --gcc-toolchain=/home/kali/.buildozer/android/platform/android-ndk-r19c/toolchains/llvm/prebuilt/linux-x86_64 --sysroot=/home/kali/.buildozer/android/platform/android-ndk-r19c/toolchains/llvm/prebuilt/linux-x86_64/sysroot -g -DANDROID -fdata-sections -ffunction-sections -funwind-tables -fstack-protector-strong -no-canonical-prefixes -mfpu=vfpv3-d16 -fno-addrsig -march=armv7-a -mthumb -mfpu=neon -Wa,--noexecstack -Wformat -Werror=format-security   -Wl,--exclude-libs,libgcc.a -Wl,--exclude-libs,libatomic.a -static-libstdc++ -Wl,--build-id -Wl,--warn-shared-textrel -Wl,--fatal-warnings -Wl,--exclude-libs,libunwind.a -Wl,--no-undefined -Qunused-arguments -Wl,-z,noexecstack -Wl,-z,relro -Wl,-z,now -Wl,--gc-sections   CMakeFiles/cmTC_d5e46.dir/CheckIncludeFile.c.o -o cmTC_d5e46  -latomic -lm 
make[1]: Leaving directory '/home/kali/MSDrohne/.buildozer/android/platform/build-armeabi-v7a/build/other_builds/jpeg/armeabi-v7a__ndk_target_21/jpeg/CMakeFiles/CMakeTmp'



Determining size of size_t passed with the following output:
Change Dir: /home/kali/MSDrohne/.buildozer/android/platform/build-armeabi-v7a/build/other_builds/jpeg/armeabi-v7a__ndk_target_21/jpeg/CMakeFiles/CMakeTmp

Run Build Command(s):/usr/bin/gmake -f Makefile cmTC_ad765/fast && make -j2  -f CMakeFiles/cmTC_ad765.dir/build.make CMakeFiles/cmTC_ad765.dir/build
make[1]: Entering directory '/home/kali/MSDrohne/.buildozer/android/platform/build-armeabi-v7a/build/other_builds/jpeg/armeabi-v7a__ndk_target_21/jpeg/CMakeFiles/CMakeTmp'
Building C object CMakeFiles/cmTC_ad765.dir/SIZE_T.c.o
/home/kali/.buildozer/android/platform/android-ndk-r19c/toolchains/llvm/prebuilt/linux-x86_64/bin/clang --target=armv7-none-linux-androideabi16 --gcc-toolchain=/home/kali/.buildozer/android/platform/android-ndk-r19c/toolchains/llvm/prebuilt/linux-x86_64 --sysroot=/home/kali/.buildozer/android/platform/android-ndk-r19c/toolchains/llvm/prebuilt/linux-x86_64/sysroot   -g -DANDROID -fdata-sections -ffunction-sections -funwind-tables -fstack-protector-strong -no-canonical-prefixes -mfpu=vfpv3-d16 -fno-addrsig -march=armv7-a -mthumb -mfpu=neon -Wa,--noexecstack -Wformat -Werror=format-security   -fPIE -MD -MT CMakeFiles/cmTC_ad765.dir/SIZE_T.c.o -MF CMakeFiles/cmTC_ad765.dir/SIZE_T.c.o.d -o CMakeFiles/cmTC_ad765.dir/SIZE_T.c.o -c /home/kali/MSDrohne/.buildozer/android/platform/build-armeabi-v7a/build/other_builds/jpeg/armeabi-v7a__ndk_target_21/jpeg/CMakeFiles/CheckTypeSize/SIZE_T.c
Linking C executable cmTC_ad765
/usr/bin/cmake -E cmake_link_script CMakeFiles/cmTC_ad765.dir/link.txt --verbose=1
/home/kali/.buildozer/android/platform/android-ndk-r19c/toolchains/llvm/prebuilt/linux-x86_64/bin/clang --target=armv7-none-linux-androideabi16 --gcc-toolchain=/home/kali/.buildozer/android/platform/android-ndk-r19c/toolchains/llvm/prebuilt/linux-x86_64 --sysroot=/home/kali/.buildozer/android/platform/android-ndk-r19c/toolchains/llvm/prebuilt/linux-x86_64/sysroot -g -DANDROID -fdata-sections -ffunction-sections -funwind-tables -fstack-protector-strong -no-canonical-prefixes -mfpu=vfpv3-d16 -fno-addrsig -march=armv7-a -mthumb -mfpu=neon -Wa,--noexecstack -Wformat -Werror=format-security   -Wl,--exclude-libs,libgcc.a -Wl,--exclude-libs,libatomic.a -static-libstdc++ -Wl,--build-id -Wl,--warn-shared-textrel -Wl,--fatal-warnings -Wl,--exclude-libs,libunwind.a -Wl,--no-undefined -Qunused-arguments -Wl,-z,noexecstack -Wl,-z,relro -Wl,-z,now -Wl,--gc-sections   CMakeFiles/cmTC_ad765.dir/SIZE_T.c.o -o cmTC_ad765  -latomic -lm 
make[1]: Leaving directory '/home/kali/MSDrohne/.buildozer/android/platform/build-armeabi-v7a/build/other_builds/jpeg/armeabi-v7a__ndk_target_21/jpeg/CMakeFiles/CMakeTmp'



Determining size of unsigned long passed with the following output:
Change Dir: /home/kali/MSDrohne/.buildozer/android/platform/build-armeabi-v7a/build/other_builds/jpeg/armeabi-v7a__ndk_target_21/jpeg/CMakeFiles/CMakeTmp

Run Build Command(s):/usr/bin/gmake -f Makefile cmTC_9db0e/fast && make -j2  -f CMakeFiles/cmTC_9db0e.dir/build.make CMakeFiles/cmTC_9db0e.dir/build
make[1]: Entering directory '/home/kali/MSDrohne/.buildozer/android/platform/build-armeabi-v7a/build/other_builds/jpeg/armeabi-v7a__ndk_target_21/jpeg/CMakeFiles/CMakeTmp'
Building C object CMakeFiles/cmTC_9db0e.dir/UNSIGNED_LONG.c.o
/home/kali/.buildozer/android/platform/android-ndk-r19c/toolchains/llvm/prebuilt/linux-x86_64/bin/clang --target=armv7-none-linux-androideabi16 --gcc-toolchain=/home/kali/.buildozer/android/platform/android-ndk-r19c/toolchains/llvm/prebuilt/linux-x86_64 --sysroot=/home/kali/.buildozer/android/platform/android-ndk-r19c/toolchains/llvm/prebuilt/linux-x86_64/sysroot   -g -DANDROID -fdata-sections -ffunction-sections -funwind-tables -fstack-protector-strong -no-canonical-prefixes -mfpu=vfpv3-d16 -fno-addrsig -march=armv7-a -mthumb -mfpu=neon -Wa,--noexecstack -Wformat -Werror=format-security   -fPIE -MD -MT CMakeFiles/cmTC_9db0e.dir/UNSIGNED_LONG.c.o -MF CMakeFiles/cmTC_9db0e.dir/UNSIGNED_LONG.c.o.d -o CMakeFiles/cmTC_9db0e.dir/UNSIGNED_LONG.c.o -c /home/kali/MSDrohne/.buildozer/android/platform/build-armeabi-v7a/build/other_builds/jpeg/armeabi-v7a__ndk_target_21/jpeg/CMakeFiles/CheckTypeSize/UNSIGNED_LONG.c
Linking C executable cmTC_9db0e
/usr/bin/cmake -E cmake_link_script CMakeFiles/cmTC_9db0e.dir/link.txt --verbose=1
/home/kali/.buildozer/android/platform/android-ndk-r19c/toolchains/llvm/prebuilt/linux-x86_64/bin/clang --target=armv7-none-linux-androideabi16 --gcc-toolchain=/home/kali/.buildozer/android/platform/android-ndk-r19c/toolchains/llvm/prebuilt/linux-x86_64 --sysroot=/home/kali/.buildozer/android/platform/android-ndk-r19c/toolchains/llvm/prebuilt/linux-x86_64/sysroot -g -DANDROID -fdata-sections -ffunction-sections -funwind-tables -fstack-protector-strong -no-canonical-prefixes -mfpu=vfpv3-d16 -fno-addrsig -march=armv7-a -mthumb -mfpu=neon -Wa,--noexecstack -Wformat -Werror=format-security   -Wl,--exclude-libs,libgcc.a -Wl,--exclude-libs,libatomic.a -static-libstdc++ -Wl,--build-id -Wl,--warn-shared-textrel -Wl,--fatal-warnings -Wl,--exclude-libs,libunwind.a -Wl,--no-undefined -Qunused-arguments -Wl,-z,noexecstack -Wl,-z,relro -Wl,-z,now -Wl,--gc-sections   CMakeFiles/cmTC_9db0e.dir/UNSIGNED_LONG.c.o -o cmTC_9db0e  -latomic -lm 
make[1]: Leaving directory '/home/kali/MSDrohne/.buildozer/android/platform/build-armeabi-v7a/build/other_builds/jpeg/armeabi-v7a__ndk_target_21/jpeg/CMakeFiles/CMakeTmp'



Performing C SOURCE FILE Test HAVE_BUILTIN_CTZL succeeded with the following output:
Change Dir: /home/kali/MSDrohne/.buildozer/android/platform/build-armeabi-v7a/build/other_builds/jpeg/armeabi-v7a__ndk_target_21/jpeg/CMakeFiles/CMakeTmp

Run Build Command(s):/usr/bin/gmake -f Makefile cmTC_8e41a/fast && make -j2  -f CMakeFiles/cmTC_8e41a.dir/build.make CMakeFiles/cmTC_8e41a.dir/build
make[1]: Entering directory '/home/kali/MSDrohne/.buildozer/android/platform/build-armeabi-v7a/build/other_builds/jpeg/armeabi-v7a__ndk_target_21/jpeg/CMakeFiles/CMakeTmp'
Building C object CMakeFiles/cmTC_8e41a.dir/src.c.o
/home/kali/.buildozer/android/platform/android-ndk-r19c/toolchains/llvm/prebuilt/linux-x86_64/bin/clang --target=armv7-none-linux-androideabi16 --gcc-toolchain=/home/kali/.buildozer/android/platform/android-ndk-r19c/toolchains/llvm/prebuilt/linux-x86_64 --sysroot=/home/kali/.buildozer/android/platform/android-ndk-r19c/toolchains/llvm/prebuilt/linux-x86_64/sysroot -DHAVE_BUILTIN_CTZL  -g -DANDROID -fdata-sections -ffunction-sections -funwind-tables -fstack-protector-strong -no-canonical-prefixes -mfpu=vfpv3-d16 -fno-addrsig -march=armv7-a -mthumb -mfpu=neon -Wa,--noexecstack -Wformat -Werror=format-security   -fPIE -MD -MT CMakeFiles/cmTC_8e41a.dir/src.c.o -MF CMakeFiles/cmTC_8e41a.dir/src.c.o.d -o CMakeFiles/cmTC_8e41a.dir/src.c.o -c /home/kali/MSDrohne/.buildozer/android/platform/build-armeabi-v7a/build/other_builds/jpeg/armeabi-v7a__ndk_target_21/jpeg/CMakeFiles/CMakeTmp/src.c
Linking C executable cmTC_8e41a
/usr/bin/cmake -E cmake_link_script CMakeFiles/cmTC_8e41a.dir/link.txt --verbose=1
/home/kali/.buildozer/android/platform/android-ndk-r19c/toolchains/llvm/prebuilt/linux-x86_64/bin/clang --target=armv7-none-linux-androideabi16 --gcc-toolchain=/home/kali/.buildozer/android/platform/android-ndk-r19c/toolchains/llvm/prebuilt/linux-x86_64 --sysroot=/home/kali/.buildozer/android/platform/android-ndk-r19c/toolchains/llvm/prebuilt/linux-x86_64/sysroot -g -DANDROID -fdata-sections -ffunction-sections -funwind-tables -fstack-protector-strong -no-canonical-prefixes -mfpu=vfpv3-d16 -fno-addrsig -march=armv7-a -mthumb -mfpu=neon -Wa,--noexecstack -Wformat -Werror=format-security   -Wl,--exclude-libs,libgcc.a -Wl,--exclude-libs,libatomic.a -static-libstdc++ -Wl,--build-id -Wl,--warn-shared-textrel -Wl,--fatal-warnings -Wl,--exclude-libs,libunwind.a -Wl,--no-undefined -Qunused-arguments -Wl,-z,noexecstack -Wl,-z,relro -Wl,-z,now -Wl,--gc-sections   CMakeFiles/cmTC_8e41a.dir/src.c.o -o cmTC_8e41a  -latomic -lm 
make[1]: Leaving directory '/home/kali/MSDrohne/.buildozer/android/platform/build-armeabi-v7a/build/other_builds/jpeg/armeabi-v7a__ndk_target_21/jpeg/CMakeFiles/CMakeTmp'


Source file was:
int main(int argc, char **argv) { unsigned long a = argc;  return __builtin_ctzl(a); }
Determining if files locale.h exist passed with the following output:
Change Dir: /home/kali/MSDrohne/.buildozer/android/platform/build-armeabi-v7a/build/other_builds/jpeg/armeabi-v7a__ndk_target_21/jpeg/CMakeFiles/CMakeTmp

Run Build Command(s):/usr/bin/gmake -f Makefile cmTC_f88db/fast && make -j2  -f CMakeFiles/cmTC_f88db.dir/build.make CMakeFiles/cmTC_f88db.dir/build
make[1]: Entering directory '/home/kali/MSDrohne/.buildozer/android/platform/build-armeabi-v7a/build/other_builds/jpeg/armeabi-v7a__ndk_target_21/jpeg/CMakeFiles/CMakeTmp'
Building C object CMakeFiles/cmTC_f88db.dir/HAVE_LOCALE_H.c.o
/home/kali/.buildozer/android/platform/android-ndk-r19c/toolchains/llvm/prebuilt/linux-x86_64/bin/clang --target=armv7-none-linux-androideabi16 --gcc-toolchain=/home/kali/.buildozer/android/platform/android-ndk-r19c/toolchains/llvm/prebuilt/linux-x86_64 --sysroot=/home/kali/.buildozer/android/platform/android-ndk-r19c/toolchains/llvm/prebuilt/linux-x86_64/sysroot   -g -DANDROID -fdata-sections -ffunction-sections -funwind-tables -fstack-protector-strong -no-canonical-prefixes -mfpu=vfpv3-d16 -fno-addrsig -march=armv7-a -mthumb -mfpu=neon -Wa,--noexecstack -Wformat -Werror=format-security   -fPIE -MD -MT CMakeFiles/cmTC_f88db.dir/HAVE_LOCALE_H.c.o -MF CMakeFiles/cmTC_f88db.dir/HAVE_LOCALE_H.c.o.d -o CMakeFiles/cmTC_f88db.dir/HAVE_LOCALE_H.c.o -c /home/kali/MSDrohne/.buildozer/android/platform/build-armeabi-v7a/build/other_builds/jpeg/armeabi-v7a__ndk_target_21/jpeg/CMakeFiles/CheckIncludeFiles/HAVE_LOCALE_H.c
Linking C executable cmTC_f88db
/usr/bin/cmake -E cmake_link_script CMakeFiles/cmTC_f88db.dir/link.txt --verbose=1
/home/kali/.buildozer/android/platform/android-ndk-r19c/toolchains/llvm/prebuilt/linux-x86_64/bin/clang --target=armv7-none-linux-androideabi16 --gcc-toolchain=/home/kali/.buildozer/android/platform/android-ndk-r19c/toolchains/llvm/prebuilt/linux-x86_64 --sysroot=/home/kali/.buildozer/android/platform/android-ndk-r19c/toolchains/llvm/prebuilt/linux-x86_64/sysroot -g -DANDROID -fdata-sections -ffunction-sections -funwind-tables -fstack-protector-strong -no-canonical-prefixes -mfpu=vfpv3-d16 -fno-addrsig -march=armv7-a -mthumb -mfpu=neon -Wa,--noexecstack -Wformat -Werror=format-security   -Wl,--exclude-libs,libgcc.a -Wl,--exclude-libs,libatomic.a -static-libstdc++ -Wl,--build-id -Wl,--warn-shared-textrel -Wl,--fatal-warnings -Wl,--exclude-libs,libunwind.a -Wl,--no-undefined -Qunused-arguments -Wl,-z,noexecstack -Wl,-z,relro -Wl,-z,now -Wl,--gc-sections   CMakeFiles/cmTC_f88db.dir/HAVE_LOCALE_H.c.o -o cmTC_f88db  -latomic -lm 
make[1]: Leaving directory '/home/kali/MSDrohne/.buildozer/android/platform/build-armeabi-v7a/build/other_builds/jpeg/armeabi-v7a__ndk_target_21/jpeg/CMakeFiles/CMakeTmp'



Determining if files stdlib.h exist passed with the following output:
Change Dir: /home/kali/MSDrohne/.buildozer/android/platform/build-armeabi-v7a/build/other_builds/jpeg/armeabi-v7a__ndk_target_21/jpeg/CMakeFiles/CMakeTmp

Run Build Command(s):/usr/bin/gmake -f Makefile cmTC_15df4/fast && make -j2  -f CMakeFiles/cmTC_15df4.dir/build.make CMakeFiles/cmTC_15df4.dir/build
make[1]: Entering directory '/home/kali/MSDrohne/.buildozer/android/platform/build-armeabi-v7a/build/other_builds/jpeg/armeabi-v7a__ndk_target_21/jpeg/CMakeFiles/CMakeTmp'
Building C object CMakeFiles/cmTC_15df4.dir/HAVE_STDLIB_H.c.o
/home/kali/.buildozer/android/platform/android-ndk-r19c/toolchains/llvm/prebuilt/linux-x86_64/bin/clang --target=armv7-none-linux-androideabi16 --gcc-toolchain=/home/kali/.buildozer/android/platform/android-ndk-r19c/toolchains/llvm/prebuilt/linux-x86_64 --sysroot=/home/kali/.buildozer/android/platform/android-ndk-r19c/toolchains/llvm/prebuilt/linux-x86_64/sysroot   -g -DANDROID -fdata-sections -ffunction-sections -funwind-tables -fstack-protector-strong -no-canonical-prefixes -mfpu=vfpv3-d16 -fno-addrsig -march=armv7-a -mthumb -mfpu=neon -Wa,--noexecstack -Wformat -Werror=format-security   -fPIE -MD -MT CMakeFiles/cmTC_15df4.dir/HAVE_STDLIB_H.c.o -MF CMakeFiles/cmTC_15df4.dir/HAVE_STDLIB_H.c.o.d -o CMakeFiles/cmTC_15df4.dir/HAVE_STDLIB_H.c.o -c /home/kali/MSDrohne/.buildozer/android/platform/build-armeabi-v7a/build/other_builds/jpeg/armeabi-v7a__ndk_target_21/jpeg/CMakeFiles/CheckIncludeFiles/HAVE_STDLIB_H.c
Linking C executable cmTC_15df4
/usr/bin/cmake -E cmake_link_script CMakeFiles/cmTC_15df4.dir/link.txt --verbose=1
/home/kali/.buildozer/android/platform/android-ndk-r19c/toolchains/llvm/prebuilt/linux-x86_64/bin/clang --target=armv7-none-linux-androideabi16 --gcc-toolchain=/home/kali/.buildozer/android/platform/android-ndk-r19c/toolchains/llvm/prebuilt/linux-x86_64 --sysroot=/home/kali/.buildozer/android/platform/android-ndk-r19c/toolchains/llvm/prebuilt/linux-x86_64/sysroot -g -DANDROID -fdata-sections -ffunction-sections -funwind-tables -fstack-protector-strong -no-canonical-prefixes -mfpu=vfpv3-d16 -fno-addrsig -march=armv7-a -mthumb -mfpu=neon -Wa,--noexecstack -Wformat -Werror=format-security   -Wl,--exclude-libs,libgcc.a -Wl,--exclude-libs,libatomic.a -static-libstdc++ -Wl,--build-id -Wl,--warn-shared-textrel -Wl,--fatal-warnings -Wl,--exclude-libs,libunwind.a -Wl,--no-undefined -Qunused-arguments -Wl,-z,noexecstack -Wl,-z,relro -Wl,-z,now -Wl,--gc-sections   CMakeFiles/cmTC_15df4.dir/HAVE_STDLIB_H.c.o -o cmTC_15df4  -latomic -lm 
make[1]: Leaving directory '/home/kali/MSDrohne/.buildozer/android/platform/build-armeabi-v7a/build/other_builds/jpeg/armeabi-v7a__ndk_target_21/jpeg/CMakeFiles/CMakeTmp'



Determining if files sys/types.h exist passed with the following output:
Change Dir: /home/kali/MSDrohne/.buildozer/android/platform/build-armeabi-v7a/build/other_builds/jpeg/armeabi-v7a__ndk_target_21/jpeg/CMakeFiles/CMakeTmp

Run Build Command(s):/usr/bin/gmake -f Makefile cmTC_dc1ad/fast && make -j2  -f CMakeFiles/cmTC_dc1ad.dir/build.make CMakeFiles/cmTC_dc1ad.dir/build
make[1]: Entering directory '/home/kali/MSDrohne/.buildozer/android/platform/build-armeabi-v7a/build/other_builds/jpeg/armeabi-v7a__ndk_target_21/jpeg/CMakeFiles/CMakeTmp'
Building C object CMakeFiles/cmTC_dc1ad.dir/NEED_SYS_TYPES_H.c.o
/home/kali/.buildozer/android/platform/android-ndk-r19c/toolchains/llvm/prebuilt/linux-x86_64/bin/clang --target=armv7-none-linux-androideabi16 --gcc-toolchain=/home/kali/.buildozer/android/platform/android-ndk-r19c/toolchains/llvm/prebuilt/linux-x86_64 --sysroot=/home/kali/.buildozer/android/platform/android-ndk-r19c/toolchains/llvm/prebuilt/linux-x86_64/sysroot   -g -DANDROID -fdata-sections -ffunction-sections -funwind-tables -fstack-protector-strong -no-canonical-prefixes -mfpu=vfpv3-d16 -fno-addrsig -march=armv7-a -mthumb -mfpu=neon -Wa,--noexecstack -Wformat -Werror=format-security   -fPIE -MD -MT CMakeFiles/cmTC_dc1ad.dir/NEED_SYS_TYPES_H.c.o -MF CMakeFiles/cmTC_dc1ad.dir/NEED_SYS_TYPES_H.c.o.d -o CMakeFiles/cmTC_dc1ad.dir/NEED_SYS_TYPES_H.c.o -c /home/kali/MSDrohne/.buildozer/android/platform/build-armeabi-v7a/build/other_builds/jpeg/armeabi-v7a__ndk_target_21/jpeg/CMakeFiles/CheckIncludeFiles/NEED_SYS_TYPES_H.c
Linking C executable cmTC_dc1ad
/usr/bin/cmake -E cmake_link_script CMakeFiles/cmTC_dc1ad.dir/link.txt --verbose=1
/home/kali/.buildozer/android/platform/android-ndk-r19c/toolchains/llvm/prebuilt/linux-x86_64/bin/clang --target=armv7-none-linux-androideabi16 --gcc-toolchain=/home/kali/.buildozer/android/platform/android-ndk-r19c/toolchains/llvm/prebuilt/linux-x86_64 --sysroot=/home/kali/.buildozer/android/platform/android-ndk-r19c/toolchains/llvm/prebuilt/linux-x86_64/sysroot -g -DANDROID -fdata-sections -ffunction-sections -funwind-tables -fstack-protector-strong -no-canonical-prefixes -mfpu=vfpv3-d16 -fno-addrsig -march=armv7-a -mthumb -mfpu=neon -Wa,--noexecstack -Wformat -Werror=format-security   -Wl,--exclude-libs,libgcc.a -Wl,--exclude-libs,libatomic.a -static-libstdc++ -Wl,--build-id -Wl,--warn-shared-textrel -Wl,--fatal-warnings -Wl,--exclude-libs,libunwind.a -Wl,--no-undefined -Qunused-arguments -Wl,-z,noexecstack -Wl,-z,relro -Wl,-z,now -Wl,--gc-sections   CMakeFiles/cmTC_dc1ad.dir/NEED_SYS_TYPES_H.c.o -o cmTC_dc1ad  -latomic -lm 
make[1]: Leaving directory '/home/kali/MSDrohne/.buildozer/android/platform/build-armeabi-v7a/build/other_builds/jpeg/armeabi-v7a__ndk_target_21/jpeg/CMakeFiles/CMakeTmp'



Determining if the memset exist passed with the following output:
Change Dir: /home/kali/MSDrohne/.buildozer/android/platform/build-armeabi-v7a/build/other_builds/jpeg/armeabi-v7a__ndk_target_21/jpeg/CMakeFiles/CMakeTmp

Run Build Command(s):/usr/bin/gmake -f Makefile cmTC_2e683/fast && make -j2  -f CMakeFiles/cmTC_2e683.dir/build.make CMakeFiles/cmTC_2e683.dir/build
make[1]: Entering directory '/home/kali/MSDrohne/.buildozer/android/platform/build-armeabi-v7a/build/other_builds/jpeg/armeabi-v7a__ndk_target_21/jpeg/CMakeFiles/CMakeTmp'
Building C object CMakeFiles/cmTC_2e683.dir/CheckSymbolExists.c.o
/home/kali/.buildozer/android/platform/android-ndk-r19c/toolchains/llvm/prebuilt/linux-x86_64/bin/clang --target=armv7-none-linux-androideabi16 --gcc-toolchain=/home/kali/.buildozer/android/platform/android-ndk-r19c/toolchains/llvm/prebuilt/linux-x86_64 --sysroot=/home/kali/.buildozer/android/platform/android-ndk-r19c/toolchains/llvm/prebuilt/linux-x86_64/sysroot   -g -DANDROID -fdata-sections -ffunction-sections -funwind-tables -fstack-protector-strong -no-canonical-prefixes -mfpu=vfpv3-d16 -fno-addrsig -march=armv7-a -mthumb -mfpu=neon -Wa,--noexecstack -Wformat   -fPIE -MD -MT CMakeFiles/cmTC_2e683.dir/CheckSymbolExists.c.o -MF CMakeFiles/cmTC_2e683.dir/CheckSymbolExists.c.o.d -o CMakeFiles/cmTC_2e683.dir/CheckSymbolExists.c.o -c /home/kali/MSDrohne/.buildozer/android/platform/build-armeabi-v7a/build/other_builds/jpeg/armeabi-v7a__ndk_target_21/jpeg/CMakeFiles/CMakeTmp/CheckSymbolExists.c
Linking C executable cmTC_2e683
/usr/bin/cmake -E cmake_link_script CMakeFiles/cmTC_2e683.dir/link.txt --verbose=1
/home/kali/.buildozer/android/platform/android-ndk-r19c/toolchains/llvm/prebuilt/linux-x86_64/bin/clang --target=armv7-none-linux-androideabi16 --gcc-toolchain=/home/kali/.buildozer/android/platform/android-ndk-r19c/toolchains/llvm/prebuilt/linux-x86_64 --sysroot=/home/kali/.buildozer/android/platform/android-ndk-r19c/toolchains/llvm/prebuilt/linux-x86_64/sysroot -g -DANDROID -fdata-sections -ffunction-sections -funwind-tables -fstack-protector-strong -no-canonical-prefixes -mfpu=vfpv3-d16 -fno-addrsig -march=armv7-a -mthumb -mfpu=neon -Wa,--noexecstack -Wformat   -Wl,--exclude-libs,libgcc.a -Wl,--exclude-libs,libatomic.a -static-libstdc++ -Wl,--build-id -Wl,--warn-shared-textrel -Wl,--fatal-warnings -Wl,--exclude-libs,libunwind.a -Wl,--no-undefined -Qunused-arguments -Wl,-z,noexecstack -Wl,-z,relro -Wl,-z,now -Wl,--gc-sections   CMakeFiles/cmTC_2e683.dir/CheckSymbolExists.c.o -o cmTC_2e683  -latomic -lm 
make[1]: Leaving directory '/home/kali/MSDrohne/.buildozer/android/platform/build-armeabi-v7a/build/other_builds/jpeg/armeabi-v7a__ndk_target_21/jpeg/CMakeFiles/CMakeTmp'


File /home/kali/MSDrohne/.buildozer/android/platform/build-armeabi-v7a/build/other_builds/jpeg/armeabi-v7a__ndk_target_21/jpeg/CMakeFiles/CMakeTmp/CheckSymbolExists.c:
/* */
#include <string.h>

int main(int argc, char** argv)
{
  (void)argv;
#ifndef memset
  return ((int*)(&memset))[argc];
#else
  (void)argc;
  return 0;
#endif
}
Determining if the memcpy exist passed with the following output:
Change Dir: /home/kali/MSDrohne/.buildozer/android/platform/build-armeabi-v7a/build/other_builds/jpeg/armeabi-v7a__ndk_target_21/jpeg/CMakeFiles/CMakeTmp

Run Build Command(s):/usr/bin/gmake -f Makefile cmTC_5e22b/fast && make -j2  -f CMakeFiles/cmTC_5e22b.dir/build.make CMakeFiles/cmTC_5e22b.dir/build
make[1]: Entering directory '/home/kali/MSDrohne/.buildozer/android/platform/build-armeabi-v7a/build/other_builds/jpeg/armeabi-v7a__ndk_target_21/jpeg/CMakeFiles/CMakeTmp'
Building C object CMakeFiles/cmTC_5e22b.dir/CheckSymbolExists.c.o
/home/kali/.buildozer/android/platform/android-ndk-r19c/toolchains/llvm/prebuilt/linux-x86_64/bin/clang --target=armv7-none-linux-androideabi16 --gcc-toolchain=/home/kali/.buildozer/android/platform/android-ndk-r19c/toolchains/llvm/prebuilt/linux-x86_64 --sysroot=/home/kali/.buildozer/android/platform/android-ndk-r19c/toolchains/llvm/prebuilt/linux-x86_64/sysroot   -g -DANDROID -fdata-sections -ffunction-sections -funwind-tables -fstack-protector-strong -no-canonical-prefixes -mfpu=vfpv3-d16 -fno-addrsig -march=armv7-a -mthumb -mfpu=neon -Wa,--noexecstack -Wformat   -fPIE -MD -MT CMakeFiles/cmTC_5e22b.dir/CheckSymbolExists.c.o -MF CMakeFiles/cmTC_5e22b.dir/CheckSymbolExists.c.o.d -o CMakeFiles/cmTC_5e22b.dir/CheckSymbolExists.c.o -c /home/kali/MSDrohne/.buildozer/android/platform/build-armeabi-v7a/build/other_builds/jpeg/armeabi-v7a__ndk_target_21/jpeg/CMakeFiles/CMakeTmp/CheckSymbolExists.c
Linking C executable cmTC_5e22b
/usr/bin/cmake -E cmake_link_script CMakeFiles/cmTC_5e22b.dir/link.txt --verbose=1
/home/kali/.buildozer/android/platform/android-ndk-r19c/toolchains/llvm/prebuilt/linux-x86_64/bin/clang --target=armv7-none-linux-androideabi16 --gcc-toolchain=/home/kali/.buildozer/android/platform/android-ndk-r19c/toolchains/llvm/prebuilt/linux-x86_64 --sysroot=/home/kali/.buildozer/android/platform/android-ndk-r19c/toolchains/llvm/prebuilt/linux-x86_64/sysroot -g -DANDROID -fdata-sections -ffunction-sections -funwind-tables -fstack-protector-strong -no-canonical-prefixes -mfpu=vfpv3-d16 -fno-addrsig -march=armv7-a -mthumb -mfpu=neon -Wa,--noexecstack -Wformat   -Wl,--exclude-libs,libgcc.a -Wl,--exclude-libs,libatomic.a -static-libstdc++ -Wl,--build-id -Wl,--warn-shared-textrel -Wl,--fatal-warnings -Wl,--exclude-libs,libunwind.a -Wl,--no-undefined -Qunused-arguments -Wl,-z,noexecstack -Wl,-z,relro -Wl,-z,now -Wl,--gc-sections   CMakeFiles/cmTC_5e22b.dir/CheckSymbolExists.c.o -o cmTC_5e22b  -latomic -lm 
make[1]: Leaving directory '/home/kali/MSDrohne/.buildozer/android/platform/build-armeabi-v7a/build/other_builds/jpeg/armeabi-v7a__ndk_target_21/jpeg/CMakeFiles/CMakeTmp'


File /home/kali/MSDrohne/.buildozer/android/platform/build-armeabi-v7a/build/other_builds/jpeg/armeabi-v7a__ndk_target_21/jpeg/CMakeFiles/CMakeTmp/CheckSymbolExists.c:
/* */
#include <string.h>

int main(int argc, char** argv)
{
  (void)argv;
#ifndef memcpy
  return ((int*)(&memcpy))[argc];
#else
  (void)argc;
  return 0;
#endif
}
Determining size of unsigned char passed with the following output:
Change Dir: /home/kali/MSDrohne/.buildozer/android/platform/build-armeabi-v7a/build/other_builds/jpeg/armeabi-v7a__ndk_target_21/jpeg/CMakeFiles/CMakeTmp

Run Build Command(s):/usr/bin/gmake -f Makefile cmTC_7fa0c/fast && make -j2  -f CMakeFiles/cmTC_7fa0c.dir/build.make CMakeFiles/cmTC_7fa0c.dir/build
make[1]: Entering directory '/home/kali/MSDrohne/.buildozer/android/platform/build-armeabi-v7a/build/other_builds/jpeg/armeabi-v7a__ndk_target_21/jpeg/CMakeFiles/CMakeTmp'
Building C object CMakeFiles/cmTC_7fa0c.dir/UNSIGNED_CHAR.c.o
/home/kali/.buildozer/android/platform/android-ndk-r19c/toolchains/llvm/prebuilt/linux-x86_64/bin/clang --target=armv7-none-linux-androideabi16 --gcc-toolchain=/home/kali/.buildozer/android/platform/android-ndk-r19c/toolchains/llvm/prebuilt/linux-x86_64 --sysroot=/home/kali/.buildozer/android/platform/android-ndk-r19c/toolchains/llvm/prebuilt/linux-x86_64/sysroot   -g -DANDROID -fdata-sections -ffunction-sections -funwind-tables -fstack-protector-strong -no-canonical-prefixes -mfpu=vfpv3-d16 -fno-addrsig -march=armv7-a -mthumb -mfpu=neon -Wa,--noexecstack -Wformat -Werror=format-security   -fPIE -MD -MT CMakeFiles/cmTC_7fa0c.dir/UNSIGNED_CHAR.c.o -MF CMakeFiles/cmTC_7fa0c.dir/UNSIGNED_CHAR.c.o.d -o CMakeFiles/cmTC_7fa0c.dir/UNSIGNED_CHAR.c.o -c /home/kali/MSDrohne/.buildozer/android/platform/build-armeabi-v7a/build/other_builds/jpeg/armeabi-v7a__ndk_target_21/jpeg/CMakeFiles/CheckTypeSize/UNSIGNED_CHAR.c
Linking C executable cmTC_7fa0c
/usr/bin/cmake -E cmake_link_script CMakeFiles/cmTC_7fa0c.dir/link.txt --verbose=1
/home/kali/.buildozer/android/platform/android-ndk-r19c/toolchains/llvm/prebuilt/linux-x86_64/bin/clang --target=armv7-none-linux-androideabi16 --gcc-toolchain=/home/kali/.buildozer/android/platform/android-ndk-r19c/toolchains/llvm/prebuilt/linux-x86_64 --sysroot=/home/kali/.buildozer/android/platform/android-ndk-r19c/toolchains/llvm/prebuilt/linux-x86_64/sysroot -g -DANDROID -fdata-sections -ffunction-sections -funwind-tables -fstack-protector-strong -no-canonical-prefixes -mfpu=vfpv3-d16 -fno-addrsig -march=armv7-a -mthumb -mfpu=neon -Wa,--noexecstack -Wformat -Werror=format-security   -Wl,--exclude-libs,libgcc.a -Wl,--exclude-libs,libatomic.a -static-libstdc++ -Wl,--build-id -Wl,--warn-shared-textrel -Wl,--fatal-warnings -Wl,--exclude-libs,libunwind.a -Wl,--no-undefined -Qunused-arguments -Wl,-z,noexecstack -Wl,-z,relro -Wl,-z,now -Wl,--gc-sections   CMakeFiles/cmTC_7fa0c.dir/UNSIGNED_CHAR.c.o -o cmTC_7fa0c  -latomic -lm 
make[1]: Leaving directory '/home/kali/MSDrohne/.buildozer/android/platform/build-armeabi-v7a/build/other_builds/jpeg/armeabi-v7a__ndk_target_21/jpeg/CMakeFiles/CMakeTmp'



Determining size of unsigned short passed with the following output:
Change Dir: /home/kali/MSDrohne/.buildozer/android/platform/build-armeabi-v7a/build/other_builds/jpeg/armeabi-v7a__ndk_target_21/jpeg/CMakeFiles/CMakeTmp

Run Build Command(s):/usr/bin/gmake -f Makefile cmTC_6f48d/fast && make -j2  -f CMakeFiles/cmTC_6f48d.dir/build.make CMakeFiles/cmTC_6f48d.dir/build
make[1]: Entering directory '/home/kali/MSDrohne/.buildozer/android/platform/build-armeabi-v7a/build/other_builds/jpeg/armeabi-v7a__ndk_target_21/jpeg/CMakeFiles/CMakeTmp'
Building C object CMakeFiles/cmTC_6f48d.dir/UNSIGNED_SHORT.c.o
/home/kali/.buildozer/android/platform/android-ndk-r19c/toolchains/llvm/prebuilt/linux-x86_64/bin/clang --target=armv7-none-linux-androideabi16 --gcc-toolchain=/home/kali/.buildozer/android/platform/android-ndk-r19c/toolchains/llvm/prebuilt/linux-x86_64 --sysroot=/home/kali/.buildozer/android/platform/android-ndk-r19c/toolchains/llvm/prebuilt/linux-x86_64/sysroot   -g -DANDROID -fdata-sections -ffunction-sections -funwind-tables -fstack-protector-strong -no-canonical-prefixes -mfpu=vfpv3-d16 -fno-addrsig -march=armv7-a -mthumb -mfpu=neon -Wa,--noexecstack -Wformat -Werror=format-security   -fPIE -MD -MT CMakeFiles/cmTC_6f48d.dir/UNSIGNED_SHORT.c.o -MF CMakeFiles/cmTC_6f48d.dir/UNSIGNED_SHORT.c.o.d -o CMakeFiles/cmTC_6f48d.dir/UNSIGNED_SHORT.c.o -c /home/kali/MSDrohne/.buildozer/android/platform/build-armeabi-v7a/build/other_builds/jpeg/armeabi-v7a__ndk_target_21/jpeg/CMakeFiles/CheckTypeSize/UNSIGNED_SHORT.c
Linking C executable cmTC_6f48d
/usr/bin/cmake -E cmake_link_script CMakeFiles/cmTC_6f48d.dir/link.txt --verbose=1
/home/kali/.buildozer/android/platform/android-ndk-r19c/toolchains/llvm/prebuilt/linux-x86_64/bin/clang --target=armv7-none-linux-androideabi16 --gcc-toolchain=/home/kali/.buildozer/android/platform/android-ndk-r19c/toolchains/llvm/prebuilt/linux-x86_64 --sysroot=/home/kali/.buildozer/android/platform/android-ndk-r19c/toolchains/llvm/prebuilt/linux-x86_64/sysroot -g -DANDROID -fdata-sections -ffunction-sections -funwind-tables -fstack-protector-strong -no-canonical-prefixes -mfpu=vfpv3-d16 -fno-addrsig -march=armv7-a -mthumb -mfpu=neon -Wa,--noexecstack -Wformat -Werror=format-security   -Wl,--exclude-libs,libgcc.a -Wl,--exclude-libs,libatomic.a -static-libstdc++ -Wl,--build-id -Wl,--warn-shared-textrel -Wl,--fatal-warnings -Wl,--exclude-libs,libunwind.a -Wl,--no-undefined -Qunused-arguments -Wl,-z,noexecstack -Wl,-z,relro -Wl,-z,now -Wl,--gc-sections   CMakeFiles/cmTC_6f48d.dir/UNSIGNED_SHORT.c.o -o cmTC_6f48d  -latomic -lm 
make[1]: Leaving directory '/home/kali/MSDrohne/.buildozer/android/platform/build-armeabi-v7a/build/other_builds/jpeg/armeabi-v7a__ndk_target_21/jpeg/CMakeFiles/CMakeTmp'



Performing C SOURCE FILE Test INCOMPLETE_TYPES succeeded with the following output:
Change Dir: /home/kali/MSDrohne/.buildozer/android/platform/build-armeabi-v7a/build/other_builds/jpeg/armeabi-v7a__ndk_target_21/jpeg/CMakeFiles/CMakeTmp

Run Build Command(s):/usr/bin/gmake -f Makefile cmTC_b4bcc/fast && make -j2  -f CMakeFiles/cmTC_b4bcc.dir/build.make CMakeFiles/cmTC_b4bcc.dir/build
make[1]: Entering directory '/home/kali/MSDrohne/.buildozer/android/platform/build-armeabi-v7a/build/other_builds/jpeg/armeabi-v7a__ndk_target_21/jpeg/CMakeFiles/CMakeTmp'
Building C object CMakeFiles/cmTC_b4bcc.dir/src.c.o
/home/kali/.buildozer/android/platform/android-ndk-r19c/toolchains/llvm/prebuilt/linux-x86_64/bin/clang --target=armv7-none-linux-androideabi16 --gcc-toolchain=/home/kali/.buildozer/android/platform/android-ndk-r19c/toolchains/llvm/prebuilt/linux-x86_64 --sysroot=/home/kali/.buildozer/android/platform/android-ndk-r19c/toolchains/llvm/prebuilt/linux-x86_64/sysroot -DINCOMPLETE_TYPES  -g -DANDROID -fdata-sections -ffunction-sections -funwind-tables -fstack-protector-strong -no-canonical-prefixes -mfpu=vfpv3-d16 -fno-addrsig -march=armv7-a -mthumb -mfpu=neon -Wa,--noexecstack -Wformat -Werror=format-security   -fPIE -MD -MT CMakeFiles/cmTC_b4bcc.dir/src.c.o -MF CMakeFiles/cmTC_b4bcc.dir/src.c.o.d -o CMakeFiles/cmTC_b4bcc.dir/src.c.o -c /home/kali/MSDrohne/.buildozer/android/platform/build-armeabi-v7a/build/other_builds/jpeg/armeabi-v7a__ndk_target_21/jpeg/CMakeFiles/CMakeTmp/src.c
Linking C executable cmTC_b4bcc
/usr/bin/cmake -E cmake_link_script CMakeFiles/cmTC_b4bcc.dir/link.txt --verbose=1
/home/kali/.buildozer/android/platform/android-ndk-r19c/toolchains/llvm/prebuilt/linux-x86_64/bin/clang --target=armv7-none-linux-androideabi16 --gcc-toolchain=/home/kali/.buildozer/android/platform/android-ndk-r19c/toolchains/llvm/prebuilt/linux-x86_64 --sysroot=/home/kali/.buildozer/android/platform/android-ndk-r19c/toolchains/llvm/prebuilt/linux-x86_64/sysroot -g -DANDROID -fdata-sections -ffunction-sections -funwind-tables -fstack-protector-strong -no-canonical-prefixes -mfpu=vfpv3-d16 -fno-addrsig -march=armv7-a -mthumb -mfpu=neon -Wa,--noexecstack -Wformat -Werror=format-security   -Wl,--exclude-libs,libgcc.a -Wl,--exclude-libs,libatomic.a -static-libstdc++ -Wl,--build-id -Wl,--warn-shared-textrel -Wl,--fatal-warnings -Wl,--exclude-libs,libunwind.a -Wl,--no-undefined -Qunused-arguments -Wl,-z,noexecstack -Wl,-z,relro -Wl,-z,now -Wl,--gc-sections   CMakeFiles/cmTC_b4bcc.dir/src.c.o -o cmTC_b4bcc  -latomic -lm 
make[1]: Leaving directory '/home/kali/MSDrohne/.buildozer/android/platform/build-armeabi-v7a/build/other_builds/jpeg/armeabi-v7a__ndk_target_21/jpeg/CMakeFiles/CMakeTmp'


Source file was:
int main(void) { typedef struct undefined_structure *undef_struct_ptr;  undef_struct_ptr ptr = 0;  return ptr != 0; }
Performing C SOURCE FILE Test INLINE_WORKS succeeded with the following output:
Change Dir: /home/kali/MSDrohne/.buildozer/android/platform/build-armeabi-v7a/build/other_builds/jpeg/armeabi-v7a__ndk_target_21/jpeg/CMakeFiles/CMakeTmp

Run Build Command(s):/usr/bin/gmake -f Makefile cmTC_82055/fast && make -j2  -f CMakeFiles/cmTC_82055.dir/build.make CMakeFiles/cmTC_82055.dir/build
make[1]: Entering directory '/home/kali/MSDrohne/.buildozer/android/platform/build-armeabi-v7a/build/other_builds/jpeg/armeabi-v7a__ndk_target_21/jpeg/CMakeFiles/CMakeTmp'
Building C object CMakeFiles/cmTC_82055.dir/src.c.o
/home/kali/.buildozer/android/platform/android-ndk-r19c/toolchains/llvm/prebuilt/linux-x86_64/bin/clang --target=armv7-none-linux-androideabi16 --gcc-toolchain=/home/kali/.buildozer/android/platform/android-ndk-r19c/toolchains/llvm/prebuilt/linux-x86_64 --sysroot=/home/kali/.buildozer/android/platform/android-ndk-r19c/toolchains/llvm/prebuilt/linux-x86_64/sysroot -DINLINE_WORKS  -g -DANDROID -fdata-sections -ffunction-sections -funwind-tables -fstack-protector-strong -no-canonical-prefixes -mfpu=vfpv3-d16 -fno-addrsig -march=armv7-a -mthumb -mfpu=neon -Wa,--noexecstack -Wformat -Werror=format-security   -fPIE -MD -MT CMakeFiles/cmTC_82055.dir/src.c.o -MF CMakeFiles/cmTC_82055.dir/src.c.o.d -o CMakeFiles/cmTC_82055.dir/src.c.o -c /home/kali/MSDrohne/.buildozer/android/platform/build-armeabi-v7a/build/other_builds/jpeg/armeabi-v7a__ndk_target_21/jpeg/CMakeFiles/CMakeTmp/src.c
Linking C executable cmTC_82055
/usr/bin/cmake -E cmake_link_script CMakeFiles/cmTC_82055.dir/link.txt --verbose=1
/home/kali/.buildozer/android/platform/android-ndk-r19c/toolchains/llvm/prebuilt/linux-x86_64/bin/clang --target=armv7-none-linux-androideabi16 --gcc-toolchain=/home/kali/.buildozer/android/platform/android-ndk-r19c/toolchains/llvm/prebuilt/linux-x86_64 --sysroot=/home/kali/.buildozer/android/platform/android-ndk-r19c/toolchains/llvm/prebuilt/linux-x86_64/sysroot -g -DANDROID -fdata-sections -ffunction-sections -funwind-tables -fstack-protector-strong -no-canonical-prefixes -mfpu=vfpv3-d16 -fno-addrsig -march=armv7-a -mthumb -mfpu=neon -Wa,--noexecstack -Wformat -Werror=format-security   -Wl,--exclude-libs,libgcc.a -Wl,--exclude-libs,libatomic.a -static-libstdc++ -Wl,--build-id -Wl,--warn-shared-textrel -Wl,--fatal-warnings -Wl,--exclude-libs,libunwind.a -Wl,--no-undefined -Qunused-arguments -Wl,-z,noexecstack -Wl,-z,relro -Wl,-z,now -Wl,--gc-sections   CMakeFiles/cmTC_82055.dir/src.c.o -o cmTC_82055  -latomic -lm 
make[1]: Leaving directory '/home/kali/MSDrohne/.buildozer/android/platform/build-armeabi-v7a/build/other_builds/jpeg/armeabi-v7a__ndk_target_21/jpeg/CMakeFiles/CMakeTmp'


Source file was:
__inline__ __attribute__((always_inline)) static int foo(void) { return 0; } int main(void) { return foo(); }
Performing C SOURCE FILE Test HAVE_VERSION_SCRIPT succeeded with the following output:
Change Dir: /home/kali/MSDrohne/.buildozer/android/platform/build-armeabi-v7a/build/other_builds/jpeg/armeabi-v7a__ndk_target_21/jpeg/CMakeFiles/CMakeTmp

Run Build Command(s):/usr/bin/gmake -f Makefile cmTC_2e2b5/fast && make -j2  -f CMakeFiles/cmTC_2e2b5.dir/build.make CMakeFiles/cmTC_2e2b5.dir/build
make[1]: Entering directory '/home/kali/MSDrohne/.buildozer/android/platform/build-armeabi-v7a/build/other_builds/jpeg/armeabi-v7a__ndk_target_21/jpeg/CMakeFiles/CMakeTmp'
Building C object CMakeFiles/cmTC_2e2b5.dir/src.c.o
/home/kali/.buildozer/android/platform/android-ndk-r19c/toolchains/llvm/prebuilt/linux-x86_64/bin/clang --target=armv7-none-linux-androideabi16 --gcc-toolchain=/home/kali/.buildozer/android/platform/android-ndk-r19c/toolchains/llvm/prebuilt/linux-x86_64 --sysroot=/home/kali/.buildozer/android/platform/android-ndk-r19c/toolchains/llvm/prebuilt/linux-x86_64/sysroot -DHAVE_VERSION_SCRIPT  -g -DANDROID -fdata-sections -ffunction-sections -funwind-tables -fstack-protector-strong -no-canonical-prefixes -mfpu=vfpv3-d16 -fno-addrsig -march=armv7-a -mthumb -mfpu=neon -Wa,--noexecstack -Wformat -Werror=format-security  -Wl,--version-script,/home/kali/MSDrohne/.buildozer/android/platform/build-armeabi-v7a/build/other_builds/jpeg/armeabi-v7a__ndk_target_21/jpeg/conftest.map -fPIE -MD -MT CMakeFiles/cmTC_2e2b5.dir/src.c.o -MF CMakeFiles/cmTC_2e2b5.dir/src.c.o.d -o CMakeFiles/cmTC_2e2b5.dir/src.c.o -c /home/kali/MSDrohne/.buildozer/android/platform/build-armeabi-v7a/build/other_builds/jpeg/armeabi-v7a__ndk_target_21/jpeg/CMakeFiles/CMakeTmp/src.c
clang: warning: -Wl,--version-script,/home/kali/MSDrohne/.buildozer/android/platform/build-armeabi-v7a/build/other_builds/jpeg/armeabi-v7a__ndk_target_21/jpeg/conftest.map: 'linker' input unused [-Wunused-command-line-argument]
Linking C executable cmTC_2e2b5
/usr/bin/cmake -E cmake_link_script CMakeFiles/cmTC_2e2b5.dir/link.txt --verbose=1
/home/kali/.buildozer/android/platform/android-ndk-r19c/toolchains/llvm/prebuilt/linux-x86_64/bin/clang --target=armv7-none-linux-androideabi16 --gcc-toolchain=/home/kali/.buildozer/android/platform/android-ndk-r19c/toolchains/llvm/prebuilt/linux-x86_64 --sysroot=/home/kali/.buildozer/android/platform/android-ndk-r19c/toolchains/llvm/prebuilt/linux-x86_64/sysroot -g -DANDROID -fdata-sections -ffunction-sections -funwind-tables -fstack-protector-strong -no-canonical-prefixes -mfpu=vfpv3-d16 -fno-addrsig -march=armv7-a -mthumb -mfpu=neon -Wa,--noexecstack -Wformat -Werror=format-security  -Wl,--version-script,/home/kali/MSDrohne/.buildozer/android/platform/build-armeabi-v7a/build/other_builds/jpeg/armeabi-v7a__ndk_target_21/jpeg/conftest.map -Wl,--exclude-libs,libgcc.a -Wl,--exclude-libs,libatomic.a -static-libstdc++ -Wl,--build-id -Wl,--warn-shared-textrel -Wl,--fatal-warnings -Wl,--exclude-libs,libunwind.a -Wl,--no-undefined -Qunused-arguments -Wl,-z,noexecstack -Wl,-z,relro -Wl,-z,now -Wl,--gc-sections   CMakeFiles/cmTC_2e2b5.dir/src.c.o -o cmTC_2e2b5  -latomic -lm 
make[1]: Leaving directory '/home/kali/MSDrohne/.buildozer/android/platform/build-armeabi-v7a/build/other_builds/jpeg/armeabi-v7a__ndk_target_21/jpeg/CMakeFiles/CMakeTmp'


Source file was:
int main(void) { return 0; }
Checking whether the ASM compiler is Clang using "--version" matched "(clang version)":
Android (5058415 based on r339409) clang version 8.0.2 (https://android.googlesource.com/toolchain/clang 40173bab62ec746213857d083c0e8b0abb568790) (https://android.googlesource.com/toolchain/llvm 7a6618d69e7e8111e1d49dc9e7813767c5ca756a) (based on LLVM 8.0.2svn)
Target: x86_64-unknown-linux-gnu
Thread model: posix
InstalledDir: /home/kali/.buildozer/android/platform/android-ndk-r19c/toolchains/llvm/prebuilt/linux-x86_64/bin
